#
# A fatal error has been detected by the Java Runtime Environment:
#
#  EXCEPTION_ACCESS_VIOLATION (0xc0000005) at pc=0x00007ff85e562bc5, pid=19444, tid=25172
#
# JRE version: OpenJDK Runtime Environment AdoptOpenJDK (14.0.2+12) (build 14.0.2+12)
# Java VM: OpenJDK 64-Bit Server VM AdoptOpenJDK (14.0.2+12, mixed mode, sharing, tiered, compressed oops, g1 gc, windows-amd64)
# Problematic frame:
# V  [jvm.dll+0x722bc5]
#
# No core dump will be written. Minidumps are not enabled by default on client versions of Windows
#
# If you would like to submit a bug report, please visit:
#   https://github.com/AdoptOpenJDK/openjdk-support/issues
#

---------------  S U M M A R Y ------------

Command Line: -agentlib:jdwp=transport=dt_socket,address=127.0.0.1:52926,suspend=y,server=n -ea -Didea.test.cyclic.buffer.size=1048576 -javaagent:C:\Users\Nikola\AppData\Local\JetBrains\IdeaIC2021.1\captureAgent\debugger-agent.jar -Dfile.encoding=UTF-8 com.intellij.rt.junit.JUnitStarter -ideVersion5 -junit4 com.mi.planetmanagement.service.PlanetServiceTest

Host: Intel(R) Core(TM) i3-10100F CPU @ 3.60GHz, 8 cores, 15G,  Windows 10 , 64 bit Build 19041 (10.0.19041.1348)
Time: Sat Dec 11 15:53:26 2021 Central Europe Standard Time elapsed time: 15193 seconds (0d 4h 13m 13s)

---------------  T H R E A D  ---------------

Current thread (0x0000029fb30c1800):  JavaThread "main" [_thread_in_vm, id=25172, stack(0x000000a55a900000,0x000000a55aa00000)]

Stack: [0x000000a55a900000,0x000000a55aa00000],  sp=0x000000a55a9fd900,  free space=1014k
Native frames: (J=compiled Java code, j=interpreted, Vv=VM code, C=native code)
V  [jvm.dll+0x722bc5]
V  [jvm.dll+0x722b03]
V  [jvm.dll+0x208c58]
V  [jvm.dll+0x338cd1]
C  0x0000029fbbb5f60d

Java frames: (J=compiled Java code, j=interpreted, Vv=VM code)
j  com.mi.planetmanagement.service.impl.PlanetServiceImpl.findAllSortedBySatellites(Ljava/lang/Integer;Ljava/lang/Integer;Ljava/lang/String;)Ljava/util/List;+73
j  com.mi.planetmanagement.service.PlanetServiceTest.findAllSortedBySatellites()V+83
v  ~StubRoutines::call_stub
J 1682  jdk.internal.reflect.NativeMethodAccessorImpl.invoke0(Ljava/lang/reflect/Method;Ljava/lang/Object;[Ljava/lang/Object;)Ljava/lang/Object; java.base@14.0.2 (0 bytes) @ 0x0000029fc36c704f [0x0000029fc36c6fc0+0x000000000000008f]
J 1530 c1 jdk.internal.reflect.NativeMethodAccessorImpl.invoke(Ljava/lang/Object;[Ljava/lang/Object;)Ljava/lang/Object; java.base@14.0.2 (104 bytes) @ 0x0000029fbc3c9c3c [0x0000029fbc3c8f20+0x0000000000000d1c]
J 1249 c1 jdk.internal.reflect.DelegatingMethodAccessorImpl.invoke(Ljava/lang/Object;[Ljava/lang/Object;)Ljava/lang/Object; java.base@14.0.2 (10 bytes) @ 0x0000029fbc33e50c [0x0000029fbc33e3c0+0x000000000000014c]
J 1248 c1 java.lang.reflect.Method.invoke(Ljava/lang/Object;[Ljava/lang/Object;)Ljava/lang/Object; java.base@14.0.2 (65 bytes) @ 0x0000029fbc33df1c [0x0000029fbc33db80+0x000000000000039c]
j  org.junit.runners.model.FrameworkMethod$1.runReflectiveCall()Ljava/lang/Object;+15
j  org.junit.internal.runners.model.ReflectiveCallable.run()Ljava/lang/Object;+1
j  org.junit.runners.model.FrameworkMethod.invokeExplosively(Ljava/lang/Object;[Ljava/lang/Object;)Ljava/lang/Object;+10
j  org.junit.internal.runners.statements.InvokeMethod.evaluate()V+12
j  org.springframework.test.context.junit4.statements.RunBeforeTestExecutionCallbacks.evaluate()V+19
j  org.springframework.test.context.junit4.statements.RunAfterTestExecutionCallbacks.evaluate()V+14
j  org.junit.internal.runners.statements.RunBefores.evaluate()V+41
j  org.springframework.test.context.junit4.statements.RunBeforeTestMethodCallbacks.evaluate()V+19
j  org.springframework.test.context.junit4.statements.RunAfterTestMethodCallbacks.evaluate()V+14
j  org.springframework.test.context.junit4.statements.SpringRepeat.evaluate()V+82
j  org.junit.runners.ParentRunner.runLeaf(Lorg/junit/runners/model/Statement;Lorg/junit/runner/Description;Lorg/junit/runner/notification/RunNotifier;)V+17
j  org.springframework.test.context.junit4.SpringJUnit4ClassRunner.runChild(Lorg/junit/runners/model/FrameworkMethod;Lorg/junit/runner/notification/RunNotifier;)V+50
j  org.springframework.test.context.junit4.SpringJUnit4ClassRunner.runChild(Ljava/lang/Object;Lorg/junit/runner/notification/RunNotifier;)V+6
j  org.junit.runners.ParentRunner$4.run()V+12
j  org.junit.runners.ParentRunner$1.schedule(Ljava/lang/Runnable;)V+1
j  org.junit.runners.ParentRunner.runChildren(Lorg/junit/runner/notification/RunNotifier;)V+44
j  org.junit.runners.ParentRunner.access$100(Lorg/junit/runners/ParentRunner;Lorg/junit/runner/notification/RunNotifier;)V+2
j  org.junit.runners.ParentRunner$2.evaluate()V+8
j  org.springframework.test.context.junit4.statements.RunBeforeTestClassCallbacks.evaluate()V+11
j  org.springframework.test.context.junit4.statements.RunAfterTestClassCallbacks.evaluate()V+12
j  org.junit.runners.ParentRunner$3.evaluate()V+4
j  org.junit.runners.ParentRunner.run(Lorg/junit/runner/notification/RunNotifier;)V+24
j  org.springframework.test.context.junit4.SpringJUnit4ClassRunner.run(Lorg/junit/runner/notification/RunNotifier;)V+24
j  org.junit.runner.JUnitCore.run(Lorg/junit/runner/Runner;)Lorg/junit/runner/Result;+37
j  com.intellij.junit4.JUnit4IdeaTestRunner.startRunnerWithArgs([Ljava/lang/String;Ljava/lang/String;IZ)I+166
j  com.intellij.rt.junit.IdeaTestRunner$Repeater.startRunnerWithArgs(Lcom/intellij/rt/junit/IdeaTestRunner;[Ljava/lang/String;Ljava/util/ArrayList;Ljava/lang/String;IZ)I+22
j  com.intellij.rt.junit.JUnitStarter.prepareStreamsAndStart([Ljava/lang/String;Ljava/lang/String;Ljava/util/ArrayList;Ljava/lang/String;)I+116
j  com.intellij.rt.junit.JUnitStarter.main([Ljava/lang/String;)V+97
v  ~StubRoutines::call_stub

siginfo: EXCEPTION_ACCESS_VIOLATION (0xc0000005), reading address 0x000000000000000c


Register to memory mapping:

RIP=0x00007ff85e562bc5 jvm.dll
RAX=0x0000029fb30c25c0 points into unknown readable memory: a0 30 43 01 07 00 00 00
RBX=0x0000029fb30c1800 is a thread
RCX=0x000000000000000c is an unknown value
RDX=0x0000029fb30c25b0 points into unknown readable memory: a0 30 43 01 07 00 00 00
RSP=0x000000a55a9fd900 is pointing into the stack for thread: 0x0000029fb30c1800
RBP=0x0000029fb0f6c100 points into unknown readable memory: 02 00 00 00 00 00 00 00
RSI=0x0000000000000001 is an unknown value
RDI=0x000000000000000c is an unknown value
R8 =0x0000029fb30c25b8 points into unknown readable memory: 60 f6 22 0f 07 00 00 00
R9 =0x0000029fb30c1800 is a thread
R10=0x000000000000c5e0 is an unknown value
R11={method} {0x0000029fd76a94c0} 'findAllSortedBySatellites' '(Ljava/lang/Integer;Ljava/lang/Integer;Ljava/lang/String;)Ljava/util/List;' in 'com/mi/planetmanagement/service/impl/PlanetServiceImpl'
R12=0x0 is NULL
R13=0x0000000000062f00 is an unknown value
R14=0x000000a55a9fda10 is pointing into the stack for thread: 0x0000029fb30c1800
R15=0x0 is NULL


Registers:
RAX=0x0000029fb30c25c0, RBX=0x0000029fb30c1800, RCX=0x000000000000000c, RDX=0x0000029fb30c25b0
RSP=0x000000a55a9fd900, RBP=0x0000029fb0f6c100, RSI=0x0000000000000001, RDI=0x000000000000000c
R8 =0x0000029fb30c25b8, R9 =0x0000029fb30c1800, R10=0x000000000000c5e0, R11=0x0000029fd76a94b8
R12=0x0000000000000000, R13=0x0000000000062f00, R14=0x000000a55a9fda10, R15=0x0000000000000000
RIP=0x00007ff85e562bc5, EFLAGS=0x0000000000010206

Top of Stack: (sp=0x000000a55a9fd900)
0x000000a55a9fd900:   000000a55a9fd900 0000029fd996bc95
0x000000a55a9fd910:   0000029fb0f6b4c0 0000029fb30c2190
0x000000a55a9fd920:   0000029fb30c21a0 0000029fb30c2578
0x000000a55a9fd930:   000000a55a9fda10 00007ff85e562b03
0x000000a55a9fd940:   0000029fb30c1800 0000029fb30c1800
0x000000a55a9fd950:   0000029fb0f6c100 000000000000000c
0x000000a55a9fd960:   0000029fb30c25b0 00007ff85e048c58
0x000000a55a9fd970:   0000029fb30c25b8 0000029fb30c1800
0x000000a55a9fd980:   0000029fb30c1800 0000029fb0f6c100
0x000000a55a9fd990:   0000029fb30c1800 0000029fb30c25b0
0x000000a55a9fd9a0:   0000029fb30c2668 0000029fb30c1800
0x000000a55a9fd9b0:   0000000000000000 00000000000000bb
0x000000a55a9fd9c0:   000000a55a9fdaa8 000000a55a9fdb08
0x000000a55a9fd9d0:   0000029fd76a9379 0000000000000000
0x000000a55a9fd9e0:   0000029fb30c1800 00007ff85e178cd1
0x000000a55a9fd9f0:   000000000000000c 00000000000000bb 

Instructions: (pc=0x00007ff85e562bc5)
0x00007ff85e562ac5:   24 58 48 83 c4 30 41 5f 5f 5b c3 48 83 c4 30 41
0x00007ff85e562ad5:   5f 5f 5b e9 f3 f6 ff ff cc cc cc 48 89 5c 24 08
0x00007ff85e562ae5:   48 89 74 24 10 57 48 83 ec 20 48 8b 5c 24 50 41
0x00007ff85e562af5:   0f b6 f1 4c 8b cb 48 8b f9 e8 ad 00 00 00 48 83
0x00007ff85e562b05:   7b 08 00 75 05 48 85 c0 75 12 4c 8b cb 4c 8b c0
0x00007ff85e562b15:   40 0f b6 d6 48 8b cf e8 af d6 ff ff 48 8b 5c 24
0x00007ff85e562b25:   30 48 8b 74 24 38 48 83 c4 20 5f c3 cc cc cc cc
0x00007ff85e562b35:   cc cc cc cc cc cc cc cc cc cc cc 48 89 5c 24 08
0x00007ff85e562b45:   48 89 74 24 10 57 48 83 ec 20 49 8b d8 0f b6 f2
0x00007ff85e562b55:   4d 8b c8 33 d2 45 33 c0 48 8b f9 e8 4b 00 00 00
0x00007ff85e562b65:   48 83 7b 08 00 75 05 48 85 c0 75 12 4c 8b cb 4c
0x00007ff85e562b75:   8b c0 40 0f b6 d6 48 8b cf e8 4d d6 ff ff 48 8b
0x00007ff85e562b85:   5c 24 30 48 8b 74 24 38 48 83 c4 20 5f c3 cc cc
0x00007ff85e562b95:   cc cc cc cc cc cc cc cc cc cc cc 4c 8b ca 45 33
0x00007ff85e562ba5:   c0 33 d2 e9 03 00 00 00 cc cc cc 48 89 5c 24 10
0x00007ff85e562bb5:   48 89 6c 24 18 48 89 7c 24 20 41 56 48 83 ec 30
0x00007ff85e562bc5:   8b 01 49 8b e9 25 00 00 ff ff 49 8b d8 48 8b fa
0x00007ff85e562bd5:   4c 8b f1 3d 00 00 01 00 0f 86 c9 00 00 00 80 79
0x00007ff85e562be5:   06 5b 0f 85 bf 00 00 00 e8 ce 7c b6 ff 84 c0 0f
0x00007ff85e562bf5:   84 b2 00 00 00 48 89 74 24 40 48 8d 54 24 20 33
0x00007ff85e562c05:   f6 4c 8b c5 49 8b ce 89 74 24 20 48 89 74 24 28
0x00007ff85e562c15:   e8 96 7b b6 ff 48 39 75 08 75 45 4c 8b cd 83 f8
0x00007ff85e562c25:   0c 75 56 48 8b 4c 24 28 4c 8b c3 48 8b d7 e8 98
0x00007ff85e562c35:   f5 ff ff 48 8b d8 48 39 75 08 75 24 48 85 c0 74
0x00007ff85e562c45:   4a 48 8b 00 4c 8b cd 48 8b cb 44 8b 44 24 20 33
0x00007ff85e562c55:   d2 ff 90 d8 00 00 00 48 8b d8 48 39 75 08 74 2b
0x00007ff85e562c65:   48 8b 4c 24 28 48 85 c9 74 33 e8 dc 1c ff ff 48
0x00007ff85e562c75:   8b c6 48 8b 74 24 40 eb 3f 48 98 48 8d 0d b9 0f
0x00007ff85e562c85:   3d 00 48 8b 0c c1 48 8b 01 eb bf 48 8b 4c 24 28
0x00007ff85e562c95:   48 85 c9 74 05 e8 b1 1c ff ff 48 8b f3 48 8b c6
0x00007ff85e562ca5:   48 8b 74 24 40 eb 11 4c 8b cd 4c 8b c3 48 8b d7
0x00007ff85e562cb5:   49 8b ce e8 23 fd ff ff 48 8b 5c 24 48 48 8b 6c 


Stack slot to memory mapping:
stack at sp + 0 slots: 0x000000a55a9fd900 is pointing into the stack for thread: 0x0000029fb30c1800
stack at sp + 1 slots: 0x0000029fd996bc95 is pointing into metadata
stack at sp + 2 slots: 0x0000029fb0f6b4c0 points into unknown readable memory: 02 00 00 00 70 00 65 00
stack at sp + 3 slots: 0x0000029fb30c2190 points into unknown readable memory: 00 00 00 00 00 00 00 00
stack at sp + 4 slots: 0x0000029fb30c21a0 points into unknown readable memory: 7c ed e4 d8 9f 02 00 00
stack at sp + 5 slots: 0x0000029fb30c2578 points into unknown readable memory: b9 8d 13 8a 6f 0f 04 08
stack at sp + 6 slots: 0x000000a55a9fda10 is pointing into the stack for thread: 0x0000029fb30c1800
stack at sp + 7 slots: 0x00007ff85e562b03 jvm.dll


---------------  P R O C E S S  ---------------

Threads class SMR info:
_java_thread_list=0x0000029fd94381a0, length=14, elements={
0x0000029fb30c1800, 0x0000029fd6e0a000, 0x0000029fd6e0b000, 0x0000029fd6e27000,
0x0000029fd6e28800, 0x0000029fd6e2c800, 0x0000029fd6e2d800, 0x0000029fd6e2f000,
0x0000029fd6e3d800, 0x0000029fd7a4a800, 0x0000029fd7c18000, 0x0000029fd7cb0000,
0x0000029fd7cb1000, 0x0000029fd825c800
}

Java Threads: ( => current thread )
=>0x0000029fb30c1800 JavaThread "main" [_thread_in_vm, id=25172, stack(0x000000a55a900000,0x000000a55aa00000)]
  0x0000029fd6e0a000 JavaThread "Reference Handler" daemon [_thread_blocked, id=20240, stack(0x000000a55b000000,0x000000a55b100000)]
  0x0000029fd6e0b000 JavaThread "Finalizer" daemon [_thread_blocked, id=22860, stack(0x000000a55b100000,0x000000a55b200000)]
  0x0000029fd6e27000 JavaThread "Signal Dispatcher" daemon [_thread_blocked, id=2968, stack(0x000000a55b200000,0x000000a55b300000)]
  0x0000029fd6e28800 JavaThread "Attach Listener" daemon [_thread_blocked, id=15844, stack(0x000000a55b300000,0x000000a55b400000)]
  0x0000029fd6e2c800 JavaThread "Service Thread" daemon [_thread_blocked, id=9904, stack(0x000000a55b400000,0x000000a55b500000)]
  0x0000029fd6e2d800 JavaThread "C2 CompilerThread0" daemon [_thread_blocked, id=19068, stack(0x000000a55b500000,0x000000a55b600000)]
  0x0000029fd6e2f000 JavaThread "C1 CompilerThread0" daemon [_thread_blocked, id=6700, stack(0x000000a55b600000,0x000000a55b700000)]
  0x0000029fd6e3d800 JavaThread "Sweeper thread" daemon [_thread_blocked, id=19156, stack(0x000000a55b700000,0x000000a55b800000)]
  0x0000029fd7a4a800 JavaThread "Common-Cleaner" daemon [_thread_blocked, id=24388, stack(0x000000a55b800000,0x000000a55b900000)]
  0x0000029fd7c18000 JavaThread "JDWP Transport Listener: dt_socket" daemon [_thread_blocked, id=25360, stack(0x000000a55ba00000,0x000000a55bb00000)]
  0x0000029fd7cb0000 JavaThread "JDWP Event Helper Thread" daemon [_thread_blocked, id=26224, stack(0x000000a55bb00000,0x000000a55bc00000)]
  0x0000029fd7cb1000 JavaThread "JDWP Command Reader" daemon [_thread_blocked, id=18200, stack(0x000000a55bc00000,0x000000a55bd00000)]
  0x0000029fd825c800 JavaThread "Notification Thread" daemon [_thread_blocked, id=10200, stack(0x000000a55bd00000,0x000000a55be00000)]

Other Threads:
  0x0000029fd6e00000 VMThread "VM Thread" [stack: 0x000000a55af00000,0x000000a55b000000] [id=26000] _threads_hazard_ptr=0x0000029fd94381a0
  0x0000029fd825d000 WatcherThread [stack: 0x000000a55be00000,0x000000a55bf00000] [id=3556]
  0x0000029fb3124800 GCTaskThread "GC Thread#0" [stack: 0x000000a55aa00000,0x000000a55ab00000] [id=30620]
  0x0000029fd8a1f000 GCTaskThread "GC Thread#1" [stack: 0x000000a55bf00000,0x000000a55c000000] [id=19268]
  0x0000029fd8a1f800 GCTaskThread "GC Thread#2" [stack: 0x000000a55c000000,0x000000a55c100000] [id=32244]
  0x0000029fd8a57800 GCTaskThread "GC Thread#3" [stack: 0x000000a55c100000,0x000000a55c200000] [id=22440]
  0x0000029fd8a58800 GCTaskThread "GC Thread#4" [stack: 0x000000a55c200000,0x000000a55c300000] [id=27612]
  0x0000029fd8a59000 GCTaskThread "GC Thread#5" [stack: 0x000000a55c300000,0x000000a55c400000] [id=23564]
  0x0000029fb3145800 ConcurrentGCThread "G1 Main Marker" [stack: 0x000000a55ab00000,0x000000a55ac00000] [id=7200]
  0x0000029fb3147000 ConcurrentGCThread "G1 Conc#0" [stack: 0x000000a55ac00000,0x000000a55ad00000] [id=31020]
  0x0000029fd6d3f800 ConcurrentGCThread "G1 Refine#0" [stack: 0x000000a55ad00000,0x000000a55ae00000] [id=6368]
  0x0000029fd6d40800 ConcurrentGCThread "G1 Young RemSet Sampling" [stack: 0x000000a55ae00000,0x000000a55af00000] [id=16060]

Threads with active compile tasks:

VM state:synchronizing (normal execution)

VM Mutex/Monitor currently owned by a thread:  ([mutex/lock_event])
[0x0000029fb30be690] Threads_lock - owner thread: 0x0000029fd6e00000

Heap address: 0x0000000701000000, size: 4080 MB, Compressed Oops mode: Zero based, Oop shift amount: 3
Narrow klass base: 0x0000000800000000, Narrow klass shift: 3
Compressed class space size: 1073741824 Address: 0x0000000800b30000

Heap:
 garbage-first heap   total 262144K, used 89775K [0x0000000701000000, 0x0000000800000000)
  region size 1024K, 82 young (83968K), 1 survivors (1024K)
 Metaspace       used 15390K, capacity 16142K, committed 16256K, reserved 1062912K
  class space    used 2198K, capacity 2369K, committed 2432K, reserved 1048576K
Heap Regions: E=young(eden), S=young(survivor), O=old, HS=humongous(starts), HC=humongous(continues), CS=collection set, F=free, OA=open archive, CA=closed archive, TAMS=top-at-mark-start (previous, next)
|   0|0x0000000701000000, 0x0000000701100000, 0x0000000701100000|100%|HS|  |TAMS 0x0000000701000000, 0x0000000701000000| Complete 
|   1|0x0000000701100000, 0x0000000701200000, 0x0000000701200000|100%| O|  |TAMS 0x0000000701100000, 0x0000000701100000| Untracked 
|   2|0x0000000701200000, 0x0000000701300000, 0x0000000701300000|100%| O|  |TAMS 0x0000000701200000, 0x0000000701200000| Untracked 
|   3|0x0000000701300000, 0x0000000701400000, 0x0000000701400000|100%| O|  |TAMS 0x0000000701300000, 0x0000000701300000| Untracked 
|   4|0x0000000701400000, 0x0000000701500000, 0x0000000701500000|100%| O|  |TAMS 0x0000000701400000, 0x0000000701400000| Untracked 
|   5|0x0000000701500000, 0x0000000701600000, 0x0000000701600000|100%| O|  |TAMS 0x0000000701500000, 0x0000000701500000| Untracked 
|   6|0x0000000701600000, 0x00000007016f3c00, 0x0000000701700000| 95%| O|  |TAMS 0x0000000701600000, 0x0000000701600000| Untracked 
|   7|0x0000000701700000, 0x0000000701700000, 0x0000000701800000|  0%| F|  |TAMS 0x0000000701700000, 0x0000000701700000| Untracked 
|   8|0x0000000701800000, 0x0000000701800000, 0x0000000701900000|  0%| F|  |TAMS 0x0000000701800000, 0x0000000701800000| Untracked 
|   9|0x0000000701900000, 0x0000000701900000, 0x0000000701a00000|  0%| F|  |TAMS 0x0000000701900000, 0x0000000701900000| Untracked 
|  10|0x0000000701a00000, 0x0000000701a00000, 0x0000000701b00000|  0%| F|  |TAMS 0x0000000701a00000, 0x0000000701a00000| Untracked 
|  11|0x0000000701b00000, 0x0000000701b00000, 0x0000000701c00000|  0%| F|  |TAMS 0x0000000701b00000, 0x0000000701b00000| Untracked 
|  12|0x0000000701c00000, 0x0000000701c00000, 0x0000000701d00000|  0%| F|  |TAMS 0x0000000701c00000, 0x0000000701c00000| Untracked 
|  13|0x0000000701d00000, 0x0000000701d00000, 0x0000000701e00000|  0%| F|  |TAMS 0x0000000701d00000, 0x0000000701d00000| Untracked 
|  14|0x0000000701e00000, 0x0000000701e00000, 0x0000000701f00000|  0%| F|  |TAMS 0x0000000701e00000, 0x0000000701e00000| Untracked 
|  15|0x0000000701f00000, 0x0000000701f00000, 0x0000000702000000|  0%| F|  |TAMS 0x0000000701f00000, 0x0000000701f00000| Untracked 
|  16|0x0000000702000000, 0x0000000702000000, 0x0000000702100000|  0%| F|  |TAMS 0x0000000702000000, 0x0000000702000000| Untracked 
|  17|0x0000000702100000, 0x0000000702100000, 0x0000000702200000|  0%| F|  |TAMS 0x0000000702100000, 0x0000000702100000| Untracked 
|  18|0x0000000702200000, 0x0000000702200000, 0x0000000702300000|  0%| F|  |TAMS 0x0000000702200000, 0x0000000702200000| Untracked 
|  19|0x0000000702300000, 0x0000000702300000, 0x0000000702400000|  0%| F|  |TAMS 0x0000000702300000, 0x0000000702300000| Untracked 
|  20|0x0000000702400000, 0x0000000702400000, 0x0000000702500000|  0%| F|  |TAMS 0x0000000702400000, 0x0000000702400000| Untracked 
|  21|0x0000000702500000, 0x0000000702500000, 0x0000000702600000|  0%| F|  |TAMS 0x0000000702500000, 0x0000000702500000| Untracked 
|  22|0x0000000702600000, 0x0000000702600000, 0x0000000702700000|  0%| F|  |TAMS 0x0000000702600000, 0x0000000702600000| Untracked 
|  23|0x0000000702700000, 0x0000000702700000, 0x0000000702800000|  0%| F|  |TAMS 0x0000000702700000, 0x0000000702700000| Untracked 
|  24|0x0000000702800000, 0x0000000702800000, 0x0000000702900000|  0%| F|  |TAMS 0x0000000702800000, 0x0000000702800000| Untracked 
|  25|0x0000000702900000, 0x0000000702900000, 0x0000000702a00000|  0%| F|  |TAMS 0x0000000702900000, 0x0000000702900000| Untracked 
|  26|0x0000000702a00000, 0x0000000702a00000, 0x0000000702b00000|  0%| F|  |TAMS 0x0000000702a00000, 0x0000000702a00000| Untracked 
|  27|0x0000000702b00000, 0x0000000702b00000, 0x0000000702c00000|  0%| F|  |TAMS 0x0000000702b00000, 0x0000000702b00000| Untracked 
|  28|0x0000000702c00000, 0x0000000702c00000, 0x0000000702d00000|  0%| F|  |TAMS 0x0000000702c00000, 0x0000000702c00000| Untracked 
|  29|0x0000000702d00000, 0x0000000702d00000, 0x0000000702e00000|  0%| F|  |TAMS 0x0000000702d00000, 0x0000000702d00000| Untracked 
|  30|0x0000000702e00000, 0x0000000702e00000, 0x0000000702f00000|  0%| F|  |TAMS 0x0000000702e00000, 0x0000000702e00000| Untracked 
|  31|0x0000000702f00000, 0x0000000702f00000, 0x0000000703000000|  0%| F|  |TAMS 0x0000000702f00000, 0x0000000702f00000| Untracked 
|  32|0x0000000703000000, 0x0000000703000000, 0x0000000703100000|  0%| F|  |TAMS 0x0000000703000000, 0x0000000703000000| Untracked 
|  33|0x0000000703100000, 0x0000000703100000, 0x0000000703200000|  0%| F|  |TAMS 0x0000000703100000, 0x0000000703100000| Untracked 
|  34|0x0000000703200000, 0x0000000703200000, 0x0000000703300000|  0%| F|  |TAMS 0x0000000703200000, 0x0000000703200000| Untracked 
|  35|0x0000000703300000, 0x0000000703300000, 0x0000000703400000|  0%| F|  |TAMS 0x0000000703300000, 0x0000000703300000| Untracked 
|  36|0x0000000703400000, 0x0000000703400000, 0x0000000703500000|  0%| F|  |TAMS 0x0000000703400000, 0x0000000703400000| Untracked 
|  37|0x0000000703500000, 0x0000000703500000, 0x0000000703600000|  0%| F|  |TAMS 0x0000000703500000, 0x0000000703500000| Untracked 
|  38|0x0000000703600000, 0x0000000703600000, 0x0000000703700000|  0%| F|  |TAMS 0x0000000703600000, 0x0000000703600000| Untracked 
|  39|0x0000000703700000, 0x0000000703700000, 0x0000000703800000|  0%| F|  |TAMS 0x0000000703700000, 0x0000000703700000| Untracked 
|  40|0x0000000703800000, 0x0000000703800000, 0x0000000703900000|  0%| F|  |TAMS 0x0000000703800000, 0x0000000703800000| Untracked 
|  41|0x0000000703900000, 0x0000000703900000, 0x0000000703a00000|  0%| F|  |TAMS 0x0000000703900000, 0x0000000703900000| Untracked 
|  42|0x0000000703a00000, 0x0000000703a00000, 0x0000000703b00000|  0%| F|  |TAMS 0x0000000703a00000, 0x0000000703a00000| Untracked 
|  43|0x0000000703b00000, 0x0000000703b00000, 0x0000000703c00000|  0%| F|  |TAMS 0x0000000703b00000, 0x0000000703b00000| Untracked 
|  44|0x0000000703c00000, 0x0000000703c00000, 0x0000000703d00000|  0%| F|  |TAMS 0x0000000703c00000, 0x0000000703c00000| Untracked 
|  45|0x0000000703d00000, 0x0000000703d00000, 0x0000000703e00000|  0%| F|  |TAMS 0x0000000703d00000, 0x0000000703d00000| Untracked 
|  46|0x0000000703e00000, 0x0000000703e00000, 0x0000000703f00000|  0%| F|  |TAMS 0x0000000703e00000, 0x0000000703e00000| Untracked 
|  47|0x0000000703f00000, 0x0000000703f00000, 0x0000000704000000|  0%| F|  |TAMS 0x0000000703f00000, 0x0000000703f00000| Untracked 
|  48|0x0000000704000000, 0x0000000704000000, 0x0000000704100000|  0%| F|  |TAMS 0x0000000704000000, 0x0000000704000000| Untracked 
|  49|0x0000000704100000, 0x0000000704100000, 0x0000000704200000|  0%| F|  |TAMS 0x0000000704100000, 0x0000000704100000| Untracked 
|  50|0x0000000704200000, 0x0000000704200000, 0x0000000704300000|  0%| F|  |TAMS 0x0000000704200000, 0x0000000704200000| Untracked 
|  51|0x0000000704300000, 0x0000000704300000, 0x0000000704400000|  0%| F|  |TAMS 0x0000000704300000, 0x0000000704300000| Untracked 
|  52|0x0000000704400000, 0x0000000704400000, 0x0000000704500000|  0%| F|  |TAMS 0x0000000704400000, 0x0000000704400000| Untracked 
|  53|0x0000000704500000, 0x0000000704500000, 0x0000000704600000|  0%| F|  |TAMS 0x0000000704500000, 0x0000000704500000| Untracked 
|  54|0x0000000704600000, 0x0000000704600000, 0x0000000704700000|  0%| F|  |TAMS 0x0000000704600000, 0x0000000704600000| Untracked 
|  55|0x0000000704700000, 0x0000000704700000, 0x0000000704800000|  0%| F|  |TAMS 0x0000000704700000, 0x0000000704700000| Untracked 
|  56|0x0000000704800000, 0x0000000704800000, 0x0000000704900000|  0%| F|  |TAMS 0x0000000704800000, 0x0000000704800000| Untracked 
|  57|0x0000000704900000, 0x0000000704900000, 0x0000000704a00000|  0%| F|  |TAMS 0x0000000704900000, 0x0000000704900000| Untracked 
|  58|0x0000000704a00000, 0x0000000704a00000, 0x0000000704b00000|  0%| F|  |TAMS 0x0000000704a00000, 0x0000000704a00000| Untracked 
|  59|0x0000000704b00000, 0x0000000704b00000, 0x0000000704c00000|  0%| F|  |TAMS 0x0000000704b00000, 0x0000000704b00000| Untracked 
|  60|0x0000000704c00000, 0x0000000704c00000, 0x0000000704d00000|  0%| F|  |TAMS 0x0000000704c00000, 0x0000000704c00000| Untracked 
|  61|0x0000000704d00000, 0x0000000704d00000, 0x0000000704e00000|  0%| F|  |TAMS 0x0000000704d00000, 0x0000000704d00000| Untracked 
|  62|0x0000000704e00000, 0x0000000704e00000, 0x0000000704f00000|  0%| F|  |TAMS 0x0000000704e00000, 0x0000000704e00000| Untracked 
|  63|0x0000000704f00000, 0x0000000704f00000, 0x0000000705000000|  0%| F|  |TAMS 0x0000000704f00000, 0x0000000704f00000| Untracked 
|  64|0x0000000705000000, 0x0000000705000000, 0x0000000705100000|  0%| F|  |TAMS 0x0000000705000000, 0x0000000705000000| Untracked 
|  65|0x0000000705100000, 0x0000000705100000, 0x0000000705200000|  0%| F|  |TAMS 0x0000000705100000, 0x0000000705100000| Untracked 
|  66|0x0000000705200000, 0x0000000705200000, 0x0000000705300000|  0%| F|  |TAMS 0x0000000705200000, 0x0000000705200000| Untracked 
|  67|0x0000000705300000, 0x0000000705300000, 0x0000000705400000|  0%| F|  |TAMS 0x0000000705300000, 0x0000000705300000| Untracked 
|  68|0x0000000705400000, 0x0000000705400000, 0x0000000705500000|  0%| F|  |TAMS 0x0000000705400000, 0x0000000705400000| Untracked 
|  69|0x0000000705500000, 0x0000000705500000, 0x0000000705600000|  0%| F|  |TAMS 0x0000000705500000, 0x0000000705500000| Untracked 
|  70|0x0000000705600000, 0x0000000705600000, 0x0000000705700000|  0%| F|  |TAMS 0x0000000705600000, 0x0000000705600000| Untracked 
|  71|0x0000000705700000, 0x0000000705700000, 0x0000000705800000|  0%| F|  |TAMS 0x0000000705700000, 0x0000000705700000| Untracked 
|  72|0x0000000705800000, 0x0000000705800000, 0x0000000705900000|  0%| F|  |TAMS 0x0000000705800000, 0x0000000705800000| Untracked 
|  73|0x0000000705900000, 0x0000000705900000, 0x0000000705a00000|  0%| F|  |TAMS 0x0000000705900000, 0x0000000705900000| Untracked 
|  74|0x0000000705a00000, 0x0000000705a00000, 0x0000000705b00000|  0%| F|  |TAMS 0x0000000705a00000, 0x0000000705a00000| Untracked 
|  75|0x0000000705b00000, 0x0000000705b00000, 0x0000000705c00000|  0%| F|  |TAMS 0x0000000705b00000, 0x0000000705b00000| Untracked 
|  76|0x0000000705c00000, 0x0000000705c00000, 0x0000000705d00000|  0%| F|  |TAMS 0x0000000705c00000, 0x0000000705c00000| Untracked 
|  77|0x0000000705d00000, 0x0000000705d00000, 0x0000000705e00000|  0%| F|  |TAMS 0x0000000705d00000, 0x0000000705d00000| Untracked 
|  78|0x0000000705e00000, 0x0000000705e00000, 0x0000000705f00000|  0%| F|  |TAMS 0x0000000705e00000, 0x0000000705e00000| Untracked 
|  79|0x0000000705f00000, 0x0000000705f00000, 0x0000000706000000|  0%| F|  |TAMS 0x0000000705f00000, 0x0000000705f00000| Untracked 
|  80|0x0000000706000000, 0x0000000706000000, 0x0000000706100000|  0%| F|  |TAMS 0x0000000706000000, 0x0000000706000000| Untracked 
|  81|0x0000000706100000, 0x0000000706100000, 0x0000000706200000|  0%| F|  |TAMS 0x0000000706100000, 0x0000000706100000| Untracked 
|  82|0x0000000706200000, 0x0000000706200000, 0x0000000706300000|  0%| F|  |TAMS 0x0000000706200000, 0x0000000706200000| Untracked 
|  83|0x0000000706300000, 0x0000000706300000, 0x0000000706400000|  0%| F|  |TAMS 0x0000000706300000, 0x0000000706300000| Untracked 
|  84|0x0000000706400000, 0x0000000706400000, 0x0000000706500000|  0%| F|  |TAMS 0x0000000706400000, 0x0000000706400000| Untracked 
|  85|0x0000000706500000, 0x0000000706500000, 0x0000000706600000|  0%| F|  |TAMS 0x0000000706500000, 0x0000000706500000| Untracked 
|  86|0x0000000706600000, 0x0000000706600000, 0x0000000706700000|  0%| F|  |TAMS 0x0000000706600000, 0x0000000706600000| Untracked 
|  87|0x0000000706700000, 0x0000000706700000, 0x0000000706800000|  0%| F|  |TAMS 0x0000000706700000, 0x0000000706700000| Untracked 
|  88|0x0000000706800000, 0x0000000706800000, 0x0000000706900000|  0%| F|  |TAMS 0x0000000706800000, 0x0000000706800000| Untracked 
|  89|0x0000000706900000, 0x0000000706900000, 0x0000000706a00000|  0%| F|  |TAMS 0x0000000706900000, 0x0000000706900000| Untracked 
|  90|0x0000000706a00000, 0x0000000706a00000, 0x0000000706b00000|  0%| F|  |TAMS 0x0000000706a00000, 0x0000000706a00000| Untracked 
|  91|0x0000000706b00000, 0x0000000706b00000, 0x0000000706c00000|  0%| F|  |TAMS 0x0000000706b00000, 0x0000000706b00000| Untracked 
|  92|0x0000000706c00000, 0x0000000706c00000, 0x0000000706d00000|  0%| F|  |TAMS 0x0000000706c00000, 0x0000000706c00000| Untracked 
|  93|0x0000000706d00000, 0x0000000706d00000, 0x0000000706e00000|  0%| F|  |TAMS 0x0000000706d00000, 0x0000000706d00000| Untracked 
|  94|0x0000000706e00000, 0x0000000706e00000, 0x0000000706f00000|  0%| F|  |TAMS 0x0000000706e00000, 0x0000000706e00000| Untracked 
|  95|0x0000000706f00000, 0x0000000706f00000, 0x0000000707000000|  0%| F|  |TAMS 0x0000000706f00000, 0x0000000706f00000| Untracked 
|  96|0x0000000707000000, 0x0000000707000000, 0x0000000707100000|  0%| F|  |TAMS 0x0000000707000000, 0x0000000707000000| Untracked 
|  97|0x0000000707100000, 0x0000000707100000, 0x0000000707200000|  0%| F|  |TAMS 0x0000000707100000, 0x0000000707100000| Untracked 
|  98|0x0000000707200000, 0x0000000707200000, 0x0000000707300000|  0%| F|  |TAMS 0x0000000707200000, 0x0000000707200000| Untracked 
|  99|0x0000000707300000, 0x0000000707300000, 0x0000000707400000|  0%| F|  |TAMS 0x0000000707300000, 0x0000000707300000| Untracked 
| 100|0x0000000707400000, 0x0000000707400000, 0x0000000707500000|  0%| F|  |TAMS 0x0000000707400000, 0x0000000707400000| Untracked 
| 101|0x0000000707500000, 0x0000000707500000, 0x0000000707600000|  0%| F|  |TAMS 0x0000000707500000, 0x0000000707500000| Untracked 
| 102|0x0000000707600000, 0x0000000707600000, 0x0000000707700000|  0%| F|  |TAMS 0x0000000707600000, 0x0000000707600000| Untracked 
| 103|0x0000000707700000, 0x0000000707700000, 0x0000000707800000|  0%| F|  |TAMS 0x0000000707700000, 0x0000000707700000| Untracked 
| 104|0x0000000707800000, 0x0000000707800000, 0x0000000707900000|  0%| F|  |TAMS 0x0000000707800000, 0x0000000707800000| Untracked 
| 105|0x0000000707900000, 0x0000000707900000, 0x0000000707a00000|  0%| F|  |TAMS 0x0000000707900000, 0x0000000707900000| Untracked 
| 106|0x0000000707a00000, 0x0000000707a00000, 0x0000000707b00000|  0%| F|  |TAMS 0x0000000707a00000, 0x0000000707a00000| Untracked 
| 107|0x0000000707b00000, 0x0000000707b00000, 0x0000000707c00000|  0%| F|  |TAMS 0x0000000707b00000, 0x0000000707b00000| Untracked 
| 108|0x0000000707c00000, 0x0000000707c00000, 0x0000000707d00000|  0%| F|  |TAMS 0x0000000707c00000, 0x0000000707c00000| Untracked 
| 109|0x0000000707d00000, 0x0000000707d00000, 0x0000000707e00000|  0%| F|  |TAMS 0x0000000707d00000, 0x0000000707d00000| Untracked 
| 110|0x0000000707e00000, 0x0000000707e00000, 0x0000000707f00000|  0%| F|  |TAMS 0x0000000707e00000, 0x0000000707e00000| Untracked 
| 111|0x0000000707f00000, 0x0000000707f00000, 0x0000000708000000|  0%| F|  |TAMS 0x0000000707f00000, 0x0000000707f00000| Untracked 
| 112|0x0000000708000000, 0x0000000708000000, 0x0000000708100000|  0%| F|  |TAMS 0x0000000708000000, 0x0000000708000000| Untracked 
| 113|0x0000000708100000, 0x0000000708100000, 0x0000000708200000|  0%| F|  |TAMS 0x0000000708100000, 0x0000000708100000| Untracked 
| 114|0x0000000708200000, 0x0000000708200000, 0x0000000708300000|  0%| F|  |TAMS 0x0000000708200000, 0x0000000708200000| Untracked 
| 115|0x0000000708300000, 0x0000000708300000, 0x0000000708400000|  0%| F|  |TAMS 0x0000000708300000, 0x0000000708300000| Untracked 
| 116|0x0000000708400000, 0x0000000708400000, 0x0000000708500000|  0%| F|  |TAMS 0x0000000708400000, 0x0000000708400000| Untracked 
| 117|0x0000000708500000, 0x0000000708500000, 0x0000000708600000|  0%| F|  |TAMS 0x0000000708500000, 0x0000000708500000| Untracked 
| 118|0x0000000708600000, 0x0000000708600000, 0x0000000708700000|  0%| F|  |TAMS 0x0000000708600000, 0x0000000708600000| Untracked 
| 119|0x0000000708700000, 0x0000000708700000, 0x0000000708800000|  0%| F|  |TAMS 0x0000000708700000, 0x0000000708700000| Untracked 
| 120|0x0000000708800000, 0x0000000708800000, 0x0000000708900000|  0%| F|  |TAMS 0x0000000708800000, 0x0000000708800000| Untracked 
| 121|0x0000000708900000, 0x0000000708900000, 0x0000000708a00000|  0%| F|  |TAMS 0x0000000708900000, 0x0000000708900000| Untracked 
| 122|0x0000000708a00000, 0x0000000708a00000, 0x0000000708b00000|  0%| F|  |TAMS 0x0000000708a00000, 0x0000000708a00000| Untracked 
| 123|0x0000000708b00000, 0x0000000708b00000, 0x0000000708c00000|  0%| F|  |TAMS 0x0000000708b00000, 0x0000000708b00000| Untracked 
| 124|0x0000000708c00000, 0x0000000708c00000, 0x0000000708d00000|  0%| F|  |TAMS 0x0000000708c00000, 0x0000000708c00000| Untracked 
| 125|0x0000000708d00000, 0x0000000708d00000, 0x0000000708e00000|  0%| F|  |TAMS 0x0000000708d00000, 0x0000000708d00000| Untracked 
| 126|0x0000000708e00000, 0x0000000708e00000, 0x0000000708f00000|  0%| F|  |TAMS 0x0000000708e00000, 0x0000000708e00000| Untracked 
| 127|0x0000000708f00000, 0x0000000708f00000, 0x0000000709000000|  0%| F|  |TAMS 0x0000000708f00000, 0x0000000708f00000| Untracked 
| 128|0x0000000709000000, 0x0000000709000000, 0x0000000709100000|  0%| F|  |TAMS 0x0000000709000000, 0x0000000709000000| Untracked 
| 129|0x0000000709100000, 0x0000000709100000, 0x0000000709200000|  0%| F|  |TAMS 0x0000000709100000, 0x0000000709100000| Untracked 
| 130|0x0000000709200000, 0x0000000709200000, 0x0000000709300000|  0%| F|  |TAMS 0x0000000709200000, 0x0000000709200000| Untracked 
| 131|0x0000000709300000, 0x0000000709300000, 0x0000000709400000|  0%| F|  |TAMS 0x0000000709300000, 0x0000000709300000| Untracked 
| 132|0x0000000709400000, 0x0000000709400000, 0x0000000709500000|  0%| F|  |TAMS 0x0000000709400000, 0x0000000709400000| Untracked 
| 133|0x0000000709500000, 0x0000000709500000, 0x0000000709600000|  0%| F|  |TAMS 0x0000000709500000, 0x0000000709500000| Untracked 
| 134|0x0000000709600000, 0x0000000709600000, 0x0000000709700000|  0%| F|  |TAMS 0x0000000709600000, 0x0000000709600000| Untracked 
| 135|0x0000000709700000, 0x0000000709700000, 0x0000000709800000|  0%| F|  |TAMS 0x0000000709700000, 0x0000000709700000| Untracked 
| 136|0x0000000709800000, 0x0000000709800000, 0x0000000709900000|  0%| F|  |TAMS 0x0000000709800000, 0x0000000709800000| Untracked 
| 137|0x0000000709900000, 0x0000000709900000, 0x0000000709a00000|  0%| F|  |TAMS 0x0000000709900000, 0x0000000709900000| Untracked 
| 138|0x0000000709a00000, 0x0000000709a00000, 0x0000000709b00000|  0%| F|  |TAMS 0x0000000709a00000, 0x0000000709a00000| Untracked 
| 139|0x0000000709b00000, 0x0000000709b00000, 0x0000000709c00000|  0%| F|  |TAMS 0x0000000709b00000, 0x0000000709b00000| Untracked 
| 140|0x0000000709c00000, 0x0000000709c00000, 0x0000000709d00000|  0%| F|  |TAMS 0x0000000709c00000, 0x0000000709c00000| Untracked 
| 141|0x0000000709d00000, 0x0000000709d00000, 0x0000000709e00000|  0%| F|  |TAMS 0x0000000709d00000, 0x0000000709d00000| Untracked 
| 142|0x0000000709e00000, 0x0000000709e00000, 0x0000000709f00000|  0%| F|  |TAMS 0x0000000709e00000, 0x0000000709e00000| Untracked 
| 143|0x0000000709f00000, 0x0000000709f00000, 0x000000070a000000|  0%| F|  |TAMS 0x0000000709f00000, 0x0000000709f00000| Untracked 
| 144|0x000000070a000000, 0x000000070a000000, 0x000000070a100000|  0%| F|  |TAMS 0x000000070a000000, 0x000000070a000000| Untracked 
| 145|0x000000070a100000, 0x000000070a100000, 0x000000070a200000|  0%| F|  |TAMS 0x000000070a100000, 0x000000070a100000| Untracked 
| 146|0x000000070a200000, 0x000000070a200000, 0x000000070a300000|  0%| F|  |TAMS 0x000000070a200000, 0x000000070a200000| Untracked 
| 147|0x000000070a300000, 0x000000070a300000, 0x000000070a400000|  0%| F|  |TAMS 0x000000070a300000, 0x000000070a300000| Untracked 
| 148|0x000000070a400000, 0x000000070a400000, 0x000000070a500000|  0%| F|  |TAMS 0x000000070a400000, 0x000000070a400000| Untracked 
| 149|0x000000070a500000, 0x000000070a500000, 0x000000070a600000|  0%| F|  |TAMS 0x000000070a500000, 0x000000070a500000| Untracked 
| 150|0x000000070a600000, 0x000000070a600000, 0x000000070a700000|  0%| F|  |TAMS 0x000000070a600000, 0x000000070a600000| Untracked 
| 151|0x000000070a700000, 0x000000070a700000, 0x000000070a800000|  0%| F|  |TAMS 0x000000070a700000, 0x000000070a700000| Untracked 
| 152|0x000000070a800000, 0x000000070a800000, 0x000000070a900000|  0%| F|  |TAMS 0x000000070a800000, 0x000000070a800000| Untracked 
| 153|0x000000070a900000, 0x000000070a900000, 0x000000070aa00000|  0%| F|  |TAMS 0x000000070a900000, 0x000000070a900000| Untracked 
| 154|0x000000070aa00000, 0x000000070aa00000, 0x000000070ab00000|  0%| F|  |TAMS 0x000000070aa00000, 0x000000070aa00000| Untracked 
| 155|0x000000070ab00000, 0x000000070ab00000, 0x000000070ac00000|  0%| F|  |TAMS 0x000000070ab00000, 0x000000070ab00000| Untracked 
| 156|0x000000070ac00000, 0x000000070ac00000, 0x000000070ad00000|  0%| F|  |TAMS 0x000000070ac00000, 0x000000070ac00000| Untracked 
| 157|0x000000070ad00000, 0x000000070ad00000, 0x000000070ae00000|  0%| F|  |TAMS 0x000000070ad00000, 0x000000070ad00000| Untracked 
| 158|0x000000070ae00000, 0x000000070ae00000, 0x000000070af00000|  0%| F|  |TAMS 0x000000070ae00000, 0x000000070ae00000| Untracked 
| 159|0x000000070af00000, 0x000000070af00000, 0x000000070b000000|  0%| F|  |TAMS 0x000000070af00000, 0x000000070af00000| Untracked 
| 160|0x000000070b000000, 0x000000070b000000, 0x000000070b100000|  0%| F|  |TAMS 0x000000070b000000, 0x000000070b000000| Untracked 
| 161|0x000000070b100000, 0x000000070b100000, 0x000000070b200000|  0%| F|  |TAMS 0x000000070b100000, 0x000000070b100000| Untracked 
| 162|0x000000070b200000, 0x000000070b200000, 0x000000070b300000|  0%| F|  |TAMS 0x000000070b200000, 0x000000070b200000| Untracked 
| 163|0x000000070b300000, 0x000000070b300000, 0x000000070b400000|  0%| F|  |TAMS 0x000000070b300000, 0x000000070b300000| Untracked 
| 164|0x000000070b400000, 0x000000070b400000, 0x000000070b500000|  0%| F|  |TAMS 0x000000070b400000, 0x000000070b400000| Untracked 
| 165|0x000000070b500000, 0x000000070b500000, 0x000000070b600000|  0%| F|  |TAMS 0x000000070b500000, 0x000000070b500000| Untracked 
| 166|0x000000070b600000, 0x000000070b600000, 0x000000070b700000|  0%| F|  |TAMS 0x000000070b600000, 0x000000070b600000| Untracked 
| 167|0x000000070b700000, 0x000000070b700000, 0x000000070b800000|  0%| F|  |TAMS 0x000000070b700000, 0x000000070b700000| Untracked 
| 168|0x000000070b800000, 0x000000070b800000, 0x000000070b900000|  0%| F|  |TAMS 0x000000070b800000, 0x000000070b800000| Untracked 
| 169|0x000000070b900000, 0x000000070b900000, 0x000000070ba00000|  0%| F|  |TAMS 0x000000070b900000, 0x000000070b900000| Untracked 
| 170|0x000000070ba00000, 0x000000070ba00000, 0x000000070bb00000|  0%| F|  |TAMS 0x000000070ba00000, 0x000000070ba00000| Untracked 
| 171|0x000000070bb00000, 0x000000070bb00000, 0x000000070bc00000|  0%| F|  |TAMS 0x000000070bb00000, 0x000000070bb00000| Untracked 
| 172|0x000000070bc00000, 0x000000070bc00000, 0x000000070bd00000|  0%| F|  |TAMS 0x000000070bc00000, 0x000000070bc00000| Untracked 
| 173|0x000000070bd00000, 0x000000070bd00000, 0x000000070be00000|  0%| F|  |TAMS 0x000000070bd00000, 0x000000070bd00000| Untracked 
| 174|0x000000070be00000, 0x000000070bf00000, 0x000000070bf00000|100%| E|  |TAMS 0x000000070be00000, 0x000000070be00000| Complete 
| 175|0x000000070bf00000, 0x000000070c000000, 0x000000070c000000|100%| E|CS|TAMS 0x000000070bf00000, 0x000000070bf00000| Complete 
| 176|0x000000070c000000, 0x000000070c100000, 0x000000070c100000|100%| E|CS|TAMS 0x000000070c000000, 0x000000070c000000| Complete 
| 177|0x000000070c100000, 0x000000070c200000, 0x000000070c200000|100%| E|CS|TAMS 0x000000070c100000, 0x000000070c100000| Complete 
| 178|0x000000070c200000, 0x000000070c300000, 0x000000070c300000|100%| E|CS|TAMS 0x000000070c200000, 0x000000070c200000| Complete 
| 179|0x000000070c300000, 0x000000070c400000, 0x000000070c400000|100%| E|CS|TAMS 0x000000070c300000, 0x000000070c300000| Complete 
| 180|0x000000070c400000, 0x000000070c500000, 0x000000070c500000|100%| E|CS|TAMS 0x000000070c400000, 0x000000070c400000| Complete 
| 181|0x000000070c500000, 0x000000070c600000, 0x000000070c600000|100%| E|CS|TAMS 0x000000070c500000, 0x000000070c500000| Complete 
| 182|0x000000070c600000, 0x000000070c700000, 0x000000070c700000|100%| E|CS|TAMS 0x000000070c600000, 0x000000070c600000| Complete 
| 183|0x000000070c700000, 0x000000070c800000, 0x000000070c800000|100%| E|CS|TAMS 0x000000070c700000, 0x000000070c700000| Complete 
| 184|0x000000070c800000, 0x000000070c900000, 0x000000070c900000|100%| E|CS|TAMS 0x000000070c800000, 0x000000070c800000| Complete 
| 185|0x000000070c900000, 0x000000070ca00000, 0x000000070ca00000|100%| E|CS|TAMS 0x000000070c900000, 0x000000070c900000| Complete 
| 186|0x000000070ca00000, 0x000000070cb00000, 0x000000070cb00000|100%| E|CS|TAMS 0x000000070ca00000, 0x000000070ca00000| Complete 
| 187|0x000000070cb00000, 0x000000070cc00000, 0x000000070cc00000|100%| E|CS|TAMS 0x000000070cb00000, 0x000000070cb00000| Complete 
| 188|0x000000070cc00000, 0x000000070cd00000, 0x000000070cd00000|100%| E|CS|TAMS 0x000000070cc00000, 0x000000070cc00000| Complete 
| 189|0x000000070cd00000, 0x000000070ce00000, 0x000000070ce00000|100%| E|CS|TAMS 0x000000070cd00000, 0x000000070cd00000| Complete 
| 190|0x000000070ce00000, 0x000000070cf00000, 0x000000070cf00000|100%| E|CS|TAMS 0x000000070ce00000, 0x000000070ce00000| Complete 
| 191|0x000000070cf00000, 0x000000070d000000, 0x000000070d000000|100%| E|CS|TAMS 0x000000070cf00000, 0x000000070cf00000| Complete 
| 192|0x000000070d000000, 0x000000070d100000, 0x000000070d100000|100%| E|CS|TAMS 0x000000070d000000, 0x000000070d000000| Complete 
| 193|0x000000070d100000, 0x000000070d200000, 0x000000070d200000|100%| E|CS|TAMS 0x000000070d100000, 0x000000070d100000| Complete 
| 194|0x000000070d200000, 0x000000070d300000, 0x000000070d300000|100%| E|CS|TAMS 0x000000070d200000, 0x000000070d200000| Complete 
| 195|0x000000070d300000, 0x000000070d400000, 0x000000070d400000|100%| E|CS|TAMS 0x000000070d300000, 0x000000070d300000| Complete 
| 196|0x000000070d400000, 0x000000070d500000, 0x000000070d500000|100%| E|CS|TAMS 0x000000070d400000, 0x000000070d400000| Complete 
| 197|0x000000070d500000, 0x000000070d600000, 0x000000070d600000|100%| E|CS|TAMS 0x000000070d500000, 0x000000070d500000| Complete 
| 198|0x000000070d600000, 0x000000070d700000, 0x000000070d700000|100%| E|CS|TAMS 0x000000070d600000, 0x000000070d600000| Complete 
| 199|0x000000070d700000, 0x000000070d800000, 0x000000070d800000|100%| E|CS|TAMS 0x000000070d700000, 0x000000070d700000| Complete 
| 200|0x000000070d800000, 0x000000070d900000, 0x000000070d900000|100%| E|CS|TAMS 0x000000070d800000, 0x000000070d800000| Complete 
| 201|0x000000070d900000, 0x000000070da00000, 0x000000070da00000|100%| E|CS|TAMS 0x000000070d900000, 0x000000070d900000| Complete 
| 202|0x000000070da00000, 0x000000070db00000, 0x000000070db00000|100%| E|CS|TAMS 0x000000070da00000, 0x000000070da00000| Complete 
| 203|0x000000070db00000, 0x000000070dc00000, 0x000000070dc00000|100%| E|CS|TAMS 0x000000070db00000, 0x000000070db00000| Complete 
| 204|0x000000070dc00000, 0x000000070dd00000, 0x000000070dd00000|100%| E|CS|TAMS 0x000000070dc00000, 0x000000070dc00000| Complete 
| 205|0x000000070dd00000, 0x000000070de00000, 0x000000070de00000|100%| E|CS|TAMS 0x000000070dd00000, 0x000000070dd00000| Complete 
| 206|0x000000070de00000, 0x000000070df00000, 0x000000070df00000|100%| E|CS|TAMS 0x000000070de00000, 0x000000070de00000| Complete 
| 207|0x000000070df00000, 0x000000070e000000, 0x000000070e000000|100%| E|CS|TAMS 0x000000070df00000, 0x000000070df00000| Complete 
| 208|0x000000070e000000, 0x000000070e100000, 0x000000070e100000|100%| E|CS|TAMS 0x000000070e000000, 0x000000070e000000| Complete 
| 209|0x000000070e100000, 0x000000070e200000, 0x000000070e200000|100%| E|CS|TAMS 0x000000070e100000, 0x000000070e100000| Complete 
| 210|0x000000070e200000, 0x000000070e300000, 0x000000070e300000|100%| E|CS|TAMS 0x000000070e200000, 0x000000070e200000| Complete 
| 211|0x000000070e300000, 0x000000070e400000, 0x000000070e400000|100%| E|CS|TAMS 0x000000070e300000, 0x000000070e300000| Complete 
| 212|0x000000070e400000, 0x000000070e500000, 0x000000070e500000|100%| E|CS|TAMS 0x000000070e400000, 0x000000070e400000| Complete 
| 213|0x000000070e500000, 0x000000070e600000, 0x000000070e600000|100%| E|CS|TAMS 0x000000070e500000, 0x000000070e500000| Complete 
| 214|0x000000070e600000, 0x000000070e700000, 0x000000070e700000|100%| E|CS|TAMS 0x000000070e600000, 0x000000070e600000| Complete 
| 215|0x000000070e700000, 0x000000070e800000, 0x000000070e800000|100%| E|CS|TAMS 0x000000070e700000, 0x000000070e700000| Complete 
| 216|0x000000070e800000, 0x000000070e900000, 0x000000070e900000|100%| E|CS|TAMS 0x000000070e800000, 0x000000070e800000| Complete 
| 217|0x000000070e900000, 0x000000070ea00000, 0x000000070ea00000|100%| E|CS|TAMS 0x000000070e900000, 0x000000070e900000| Complete 
| 218|0x000000070ea00000, 0x000000070eb00000, 0x000000070eb00000|100%| E|CS|TAMS 0x000000070ea00000, 0x000000070ea00000| Complete 
| 219|0x000000070eb00000, 0x000000070ec00000, 0x000000070ec00000|100%| E|CS|TAMS 0x000000070eb00000, 0x000000070eb00000| Complete 
| 220|0x000000070ec00000, 0x000000070ed00000, 0x000000070ed00000|100%| E|CS|TAMS 0x000000070ec00000, 0x000000070ec00000| Complete 
| 221|0x000000070ed00000, 0x000000070ee00000, 0x000000070ee00000|100%| E|CS|TAMS 0x000000070ed00000, 0x000000070ed00000| Complete 
| 222|0x000000070ee00000, 0x000000070ef00000, 0x000000070ef00000|100%| E|CS|TAMS 0x000000070ee00000, 0x000000070ee00000| Complete 
| 223|0x000000070ef00000, 0x000000070f000000, 0x000000070f000000|100%| E|CS|TAMS 0x000000070ef00000, 0x000000070ef00000| Complete 
| 224|0x000000070f000000, 0x000000070f100000, 0x000000070f100000|100%| E|CS|TAMS 0x000000070f000000, 0x000000070f000000| Complete 
| 225|0x000000070f100000, 0x000000070f200000, 0x000000070f200000|100%| E|CS|TAMS 0x000000070f100000, 0x000000070f100000| Complete 
| 226|0x000000070f200000, 0x000000070f2b80c0, 0x000000070f300000| 71%| S|CS|TAMS 0x000000070f200000, 0x000000070f200000| Complete 
| 227|0x000000070f300000, 0x000000070f400000, 0x000000070f400000|100%| E|CS|TAMS 0x000000070f300000, 0x000000070f300000| Complete 
| 228|0x000000070f400000, 0x000000070f500000, 0x000000070f500000|100%| E|CS|TAMS 0x000000070f400000, 0x000000070f400000| Complete 
| 229|0x000000070f500000, 0x000000070f600000, 0x000000070f600000|100%| E|CS|TAMS 0x000000070f500000, 0x000000070f500000| Complete 
| 230|0x000000070f600000, 0x000000070f700000, 0x000000070f700000|100%| E|CS|TAMS 0x000000070f600000, 0x000000070f600000| Complete 
| 231|0x000000070f700000, 0x000000070f800000, 0x000000070f800000|100%| E|CS|TAMS 0x000000070f700000, 0x000000070f700000| Complete 
| 232|0x000000070f800000, 0x000000070f900000, 0x000000070f900000|100%| E|CS|TAMS 0x000000070f800000, 0x000000070f800000| Complete 
| 233|0x000000070f900000, 0x000000070fa00000, 0x000000070fa00000|100%| E|CS|TAMS 0x000000070f900000, 0x000000070f900000| Complete 
| 234|0x000000070fa00000, 0x000000070fb00000, 0x000000070fb00000|100%| E|CS|TAMS 0x000000070fa00000, 0x000000070fa00000| Complete 
| 235|0x000000070fb00000, 0x000000070fc00000, 0x000000070fc00000|100%| E|CS|TAMS 0x000000070fb00000, 0x000000070fb00000| Complete 
| 236|0x000000070fc00000, 0x000000070fd00000, 0x000000070fd00000|100%| E|CS|TAMS 0x000000070fc00000, 0x000000070fc00000| Complete 
| 237|0x000000070fd00000, 0x000000070fe00000, 0x000000070fe00000|100%| E|CS|TAMS 0x000000070fd00000, 0x000000070fd00000| Complete 
| 238|0x000000070fe00000, 0x000000070ff00000, 0x000000070ff00000|100%| E|CS|TAMS 0x000000070fe00000, 0x000000070fe00000| Complete 
| 239|0x000000070ff00000, 0x0000000710000000, 0x0000000710000000|100%| E|CS|TAMS 0x000000070ff00000, 0x000000070ff00000| Complete 
| 240|0x0000000710000000, 0x0000000710100000, 0x0000000710100000|100%| E|CS|TAMS 0x0000000710000000, 0x0000000710000000| Complete 
| 241|0x0000000710100000, 0x0000000710200000, 0x0000000710200000|100%| E|CS|TAMS 0x0000000710100000, 0x0000000710100000| Complete 
| 242|0x0000000710200000, 0x0000000710300000, 0x0000000710300000|100%| E|CS|TAMS 0x0000000710200000, 0x0000000710200000| Complete 
| 243|0x0000000710300000, 0x0000000710400000, 0x0000000710400000|100%| E|CS|TAMS 0x0000000710300000, 0x0000000710300000| Complete 
| 244|0x0000000710400000, 0x0000000710500000, 0x0000000710500000|100%| E|CS|TAMS 0x0000000710400000, 0x0000000710400000| Complete 
| 245|0x0000000710500000, 0x0000000710600000, 0x0000000710600000|100%| E|CS|TAMS 0x0000000710500000, 0x0000000710500000| Complete 
| 246|0x0000000710600000, 0x0000000710700000, 0x0000000710700000|100%| E|CS|TAMS 0x0000000710600000, 0x0000000710600000| Complete 
| 247|0x0000000710700000, 0x0000000710800000, 0x0000000710800000|100%| E|CS|TAMS 0x0000000710700000, 0x0000000710700000| Complete 
| 248|0x0000000710800000, 0x0000000710900000, 0x0000000710900000|100%| E|CS|TAMS 0x0000000710800000, 0x0000000710800000| Complete 
| 249|0x0000000710900000, 0x0000000710a00000, 0x0000000710a00000|100%| E|CS|TAMS 0x0000000710900000, 0x0000000710900000| Complete 
| 250|0x0000000710a00000, 0x0000000710b00000, 0x0000000710b00000|100%| E|CS|TAMS 0x0000000710a00000, 0x0000000710a00000| Complete 
| 251|0x0000000710b00000, 0x0000000710c00000, 0x0000000710c00000|100%| E|CS|TAMS 0x0000000710b00000, 0x0000000710b00000| Complete 
| 252|0x0000000710c00000, 0x0000000710d00000, 0x0000000710d00000|100%| E|CS|TAMS 0x0000000710c00000, 0x0000000710c00000| Complete 
| 253|0x0000000710d00000, 0x0000000710e00000, 0x0000000710e00000|100%| E|CS|TAMS 0x0000000710d00000, 0x0000000710d00000| Complete 
| 254|0x0000000710e00000, 0x0000000710f00000, 0x0000000710f00000|100%| E|CS|TAMS 0x0000000710e00000, 0x0000000710e00000| Complete 
| 255|0x0000000710f00000, 0x0000000711000000, 0x0000000711000000|100%| E|CS|TAMS 0x0000000710f00000, 0x0000000710f00000| Complete 

Card table byte_map: [0x0000029fcb660000,0x0000029fcbe60000] _byte_map_base: 0x0000029fc7e58000

Marking Bits (Prev, Next): (CMBitMap*) 0x0000029fb31250b8, (CMBitMap*) 0x0000029fb31250f8
 Prev Bits: [0x0000029fcc660000, 0x0000029fd0620000)
 Next Bits: [0x0000029fd0620000, 0x0000029fd45e0000)

Polling page: 0x0000029fb1260000

Metaspace:

Usage:
  Non-class:     13.45 MB capacity,    12.88 MB ( 96%) used,   543.69 KB (  4%) free+waste,    37.88 KB ( <1%) overhead. 
      Class:      2.31 MB capacity,     2.15 MB ( 93%) used,   151.36 KB (  6%) free+waste,    19.06 KB ( <1%) overhead. 
       Both:     15.76 MB capacity,    15.03 MB ( 95%) used,   695.05 KB (  4%) free+waste,    56.94 KB ( <1%) overhead. 

Virtual space:
  Non-class space:       14.00 MB reserved,      13.50 MB ( 96%) committed 
      Class space:        1.00 GB reserved,       2.38 MB ( <1%) committed 
             Both:        1.01 GB reserved,      15.88 MB (  2%) committed 

Chunk freelists:
   Non-Class:  51.00 KB
       Class:  31.00 KB
        Both:  82.00 KB

MaxMetaspaceSize: 17179869184.00 GB
CompressedClassSpaceSize: 1.00 GB

CodeHeap 'non-profiled nmethods': size=120000Kb used=793Kb max_used=955Kb free=119206Kb
 bounds [0x0000029fc3600000, 0x0000029fc3870000, 0x0000029fcab30000]
CodeHeap 'profiled nmethods': size=120000Kb used=3419Kb max_used=4226Kb free=116580Kb
 bounds [0x0000029fbc0d0000, 0x0000029fbc500000, 0x0000029fc3600000]
CodeHeap 'non-nmethods': size=5760Kb used=1273Kb max_used=1333Kb free=4486Kb
 bounds [0x0000029fbbb30000, 0x0000029fbbda0000, 0x0000029fbc0d0000]
 total_blobs=2298 nmethods=1861 adapters=349
 compilation: enabled
              stopped_count=0, restarted_count=0
 full_count=0

Compilation events (20 events):
Event: 14189.248 Thread 0x0000029fd6e2f000 2119   !   3       java.util.Formatter$FormatSpecifier::width (64 bytes)
Event: 14189.248 Thread 0x0000029fd6e2f000 nmethod 2119 0x0000029fbc12a510 code [0x0000029fbc12a6e0, 0x0000029fbc12a998]
Event: 14189.248 Thread 0x0000029fd6e2f000 2120   !   3       java.util.Formatter$FormatSpecifier::precision (66 bytes)
Event: 14189.248 Thread 0x0000029fd6e2f000 nmethod 2120 0x0000029fbc137090 code [0x0000029fbc137260, 0x0000029fbc137518]
Event: 14189.248 Thread 0x0000029fd6e2f000 2121       3       java.util.Formatter$FormatSpecifier::conversion (90 bytes)
Event: 14189.249 Thread 0x0000029fd6e2f000 nmethod 2121 0x0000029fbc3be410 code [0x0000029fbc3be680, 0x0000029fbc3beff8]
Event: 14189.249 Thread 0x0000029fd6e2f000 2122       3       java.util.Formatter$Conversion::isValid (47 bytes)
Event: 14189.249 Thread 0x0000029fd6e2f000 nmethod 2122 0x0000029fbc238010 code [0x0000029fbc2381e0, 0x0000029fbc238668]
Event: 14189.249 Thread 0x0000029fd6e2f000 2123       3       java.util.Formatter$Conversion::isText (32 bytes)
Event: 14189.249 Thread 0x0000029fd6e2f000 nmethod 2123 0x0000029fbc0ecf90 code [0x0000029fbc0ed120, 0x0000029fbc0ed278]
Event: 14189.273 Thread 0x0000029fd6e2f000 2124       3       java.util.LinkedList::checkPositionIndex (22 bytes)
Event: 14189.273 Thread 0x0000029fd6e2f000 nmethod 2124 0x0000029fbc365410 code [0x0000029fbc365660, 0x0000029fbc365de8]
Event: 14189.273 Thread 0x0000029fd6e2f000 2125       3       java.util.LinkedList::isPositionIndex (18 bytes)
Event: 14189.274 Thread 0x0000029fd6e2f000 nmethod 2125 0x0000029fbc134510 code [0x0000029fbc1346a0, 0x0000029fbc134858]
Event: 14209.780 Thread 0x0000029fd6e2f000 2126       3       java.util.regex.Matcher::<init> (95 bytes)
Event: 14209.780 Thread 0x0000029fd6e2f000 nmethod 2126 0x0000029fbc238f10 code [0x0000029fbc2390e0, 0x0000029fbc239768]
Event: 15182.859 Thread 0x0000029fd6e2f000 2127       3       java.util.LinkedList::checkElementIndex (22 bytes)
Event: 15182.859 Thread 0x0000029fd6e2f000 nmethod 2127 0x0000029fbc3b2a90 code [0x0000029fbc3b2ce0, 0x0000029fbc3b3468]
Event: 15182.859 Thread 0x0000029fd6e2f000 2128       3       java.util.LinkedList::isElementIndex (18 bytes)
Event: 15182.859 Thread 0x0000029fd6e2f000 nmethod 2128 0x0000029fbc1db190 code [0x0000029fbc1db320, 0x0000029fbc1db4d8]

GC Heap History (4 events):
Event: 0.403 GC heap before
{Heap before GC invocations=0 (full 0):
 garbage-first heap   total 262144K, used 23552K [0x0000000701000000, 0x0000000800000000)
  region size 1024K, 23 young (23552K), 0 survivors (0K)
 Metaspace       used 3039K, capacity 5719K, committed 6016K, reserved 1056768K
  class space    used 310K, capacity 589K, committed 640K, reserved 1048576K
}
Event: 0.406 GC heap after
{Heap after GC invocations=1 (full 0):
 garbage-first heap   total 262144K, used 7372K [0x0000000701000000, 0x0000000800000000)
  region size 1024K, 3 young (3072K), 3 survivors (3072K)
 Metaspace       used 3039K, capacity 5719K, committed 6016K, reserved 1056768K
  class space    used 310K, capacity 589K, committed 640K, reserved 1048576K
}
Event: 0.644 GC heap before
{Heap before GC invocations=1 (full 0):
 garbage-first heap   total 262144K, used 33996K [0x0000000701000000, 0x0000000800000000)
  region size 1024K, 29 young (29696K), 3 survivors (3072K)
 Metaspace       used 5390K, capacity 7537K, committed 7808K, reserved 1056768K
  class space    used 614K, capacity 858K, committed 896K, reserved 1048576K
}
Event: 0.646 GC heap after
{Heap after GC invocations=2 (full 0):
 garbage-first heap   total 262144K, used 7855K [0x0000000701000000, 0x0000000800000000)
  region size 1024K, 1 young (1024K), 1 survivors (1024K)
 Metaspace       used 5390K, capacity 7537K, committed 7808K, reserved 1056768K
  class space    used 614K, capacity 858K, committed 896K, reserved 1048576K
}

Deoptimization events (20 events):
Event: 1.433 Thread 0x0000029fb30c1800 DEOPT PACKING pc=0x0000029fbc1ccd3c sp=0x000000a55a9fda00
Event: 1.433 Thread 0x0000029fb30c1800 DEOPT UNPACKING pc=0x0000029fbbb7964e sp=0x000000a55a9fce98 mode 1
Event: 1.433 Thread 0x0000029fb30c1800 DEOPT PACKING pc=0x0000029fbc1cc204 sp=0x000000a55a9fdad0
Event: 1.433 Thread 0x0000029fb30c1800 DEOPT UNPACKING pc=0x0000029fbbb7964e sp=0x000000a55a9fcf88 mode 1
Event: 1.433 Thread 0x0000029fb30c1800 DEOPT PACKING pc=0x0000029fbc276ec4 sp=0x000000a55a9fe5a0
Event: 1.433 Thread 0x0000029fb30c1800 DEOPT UNPACKING pc=0x0000029fbbb7964e sp=0x000000a55a9fda90 mode 1
Event: 1.434 Thread 0x0000029fb30c1800 DEOPT PACKING pc=0x0000029fbc38949c sp=0x000000a55a9fddb0
Event: 1.434 Thread 0x0000029fb30c1800 DEOPT UNPACKING pc=0x0000029fbbb7964e sp=0x000000a55a9fd328 mode 1
Event: 1.436 Thread 0x0000029fb30c1800 DEOPT PACKING pc=0x0000029fbc1ccd3c sp=0x000000a55a9fd9b0
Event: 1.436 Thread 0x0000029fb30c1800 DEOPT UNPACKING pc=0x0000029fbbb7964e sp=0x000000a55a9fce48 mode 1
Event: 1.436 Thread 0x0000029fb30c1800 DEOPT PACKING pc=0x0000029fbc1cc204 sp=0x000000a55a9fda80
Event: 1.436 Thread 0x0000029fb30c1800 DEOPT UNPACKING pc=0x0000029fbbb7964e sp=0x000000a55a9fcf38 mode 1
Event: 1.436 Thread 0x0000029fb30c1800 DEOPT PACKING pc=0x0000029fbc276ec4 sp=0x000000a55a9fe550
Event: 1.436 Thread 0x0000029fb30c1800 DEOPT UNPACKING pc=0x0000029fbbb7964e sp=0x000000a55a9fda40 mode 1
Event: 1.436 Thread 0x0000029fb30c1800 DEOPT PACKING pc=0x0000029fbc1ccd3c sp=0x000000a55a9fd9b0
Event: 1.436 Thread 0x0000029fb30c1800 DEOPT UNPACKING pc=0x0000029fbbb7964e sp=0x000000a55a9fce48 mode 1
Event: 1.436 Thread 0x0000029fb30c1800 DEOPT PACKING pc=0x0000029fbc1cc204 sp=0x000000a55a9fda80
Event: 1.436 Thread 0x0000029fb30c1800 DEOPT UNPACKING pc=0x0000029fbbb7964e sp=0x000000a55a9fcf38 mode 1
Event: 1.436 Thread 0x0000029fb30c1800 DEOPT PACKING pc=0x0000029fbc276ec4 sp=0x000000a55a9fe550
Event: 1.436 Thread 0x0000029fb30c1800 DEOPT UNPACKING pc=0x0000029fbbb7964e sp=0x000000a55a9fda40 mode 1

Classes unloaded (0 events):
No events

Classes redefined (20 events):
Event: 10908.374 Thread 0x0000029fd6e00000 redefined class name=com.mi.planetmanagement.repository.PlanetRepository, count=8
Event: 10967.106 Thread 0x0000029fd6e00000 redefined class name=com.mi.planetmanagement.repository.PlanetRepository, count=9
Event: 11202.352 Thread 0x0000029fd6e00000 redefined class name=com.mi.planetmanagement.repository.PlanetRepository, count=10
Event: 11237.103 Thread 0x0000029fd6e00000 redefined class name=com.mi.planetmanagement.repository.PlanetRepository, count=11
Event: 11258.017 Thread 0x0000029fd6e00000 redefined class name=com.mi.planetmanagement.repository.PlanetRepository, count=12
Event: 11277.378 Thread 0x0000029fd6e00000 redefined class name=com.mi.planetmanagement.repository.PlanetRepository, count=13
Event: 11315.892 Thread 0x0000029fd6e00000 redefined class name=com.mi.planetmanagement.model.Satellite, count=1
Event: 11315.892 Thread 0x0000029fd6e00000 redefined class name=com.mi.planetmanagement.model.Satellite$SatelliteBuilder, count=1
Event: 11315.892 Thread 0x0000029fd6e00000 redefined class name=com.mi.planetmanagement.repository.PlanetRepository, count=14
Event: 11354.627 Thread 0x0000029fd6e00000 redefined class name=com.mi.planetmanagement.model.Satellite, count=2
Event: 11354.627 Thread 0x0000029fd6e00000 redefined class name=com.mi.planetmanagement.model.Satellite$SatelliteBuilder, count=2
Event: 11354.627 Thread 0x0000029fd6e00000 redefined class name=com.mi.planetmanagement.repository.PlanetRepository, count=15
Event: 11447.727 Thread 0x0000029fd6e00000 redefined class name=com.mi.planetmanagement.repository.PlanetRepository, count=16
Event: 11468.323 Thread 0x0000029fd6e00000 redefined class name=com.mi.planetmanagement.repository.PlanetRepository, count=17
Event: 12459.386 Thread 0x0000029fd6e00000 redefined class name=com.mi.planetmanagement.repository.PlanetRepository, count=18
Event: 14045.850 Thread 0x0000029fd6e00000 redefined class name=com.mi.planetmanagement.service.PlanetServiceTest, count=1
Event: 14106.438 Thread 0x0000029fd6e00000 redefined class name=com.mi.planetmanagement.repository.PlanetRepository, count=19
Event: 14188.895 Thread 0x0000029fd6e00000 redefined class name=com.mi.planetmanagement.repository.PlanetRepository, count=20
Event: 14209.449 Thread 0x0000029fd6e00000 redefined class name=com.mi.planetmanagement.repository.PlanetRepository, count=21
Event: 14236.605 Thread 0x0000029fd6e00000 redefined class name=com.mi.planetmanagement.repository.PlanetRepository, count=22

Internal exceptions (20 events):
Event: 0.518 Thread 0x0000029fb30c1800 Exception <a 'java/lang/NoSuchMethodError'{0x00000007103fb620}: 'void java.lang.invoke.DirectMethodHandle$Holder.invokeSpecial(java.lang.Object, java.lang.Object)'> (0x00000007103fb620) 
thrown [./src/hotspot/share/interpreter/linkResolver.cpp, line 766]
Event: 0.560 Thread 0x0000029fb30c1800 Exception <a 'java/lang/NoSuchMethodError'{0x000000070fff6a20}: 'java.lang.Object java.lang.invoke.DirectMethodHandle$Holder.invokeSpecialIFC(java.lang.Object, java.lang.Object, java.lang.Object, java.lang.Object)'> (0x000000070fff6a20) 
thrown [./src/hotspot/share/interpreter/linkResolver.cpp, line 766]
Event: 0.587 Thread 0x0000029fb30c1800 Exception <a 'java/lang/NoSuchMethodError'{0x000000070fcb3788}: 'void java.lang.invoke.DirectMethodHandle$Holder.invokeSpecial(java.lang.Object, java.lang.Object, java.lang.Object, java.lang.Object, java.lang.Object)'> (0x000000070fcb3788) 
thrown [./src/hotspot/share/interpreter/linkResolver.cpp, line 766]
Event: 0.590 Thread 0x0000029fb30c1800 Exception <a 'java/lang/NoSuchMethodError'{0x000000070fcd9b50}: 'void java.lang.invoke.DirectMethodHandle$Holder.invokeSpecial(java.lang.Object, java.lang.Object, java.lang.Object, java.lang.Object)'> (0x000000070fcd9b50) 
thrown [./src/hotspot/share/interpreter/linkResolver.cpp, line 766]
Event: 0.596 Thread 0x0000029fb30c1800 Exception <a 'java/lang/NoSuchMethodError'{0x000000070fb85c10}: 'int java.lang.invoke.DirectMethodHandle$Holder.invokeSpecialIFC(java.lang.Object, java.lang.Object, int)'> (0x000000070fb85c10) 
thrown [./src/hotspot/share/interpreter/linkResolver.cpp, line 766]
Event: 0.602 Thread 0x0000029fb30c1800 Exception <a 'java/lang/NoSuchMethodError'{0x000000070fbf6310}: 'int java.lang.invoke.DirectMethodHandle$Holder.invokeInterface(java.lang.Object, java.lang.Object)'> (0x000000070fbf6310) 
thrown [./src/hotspot/share/interpreter/linkResolver.cpp, line 766]
Event: 0.617 Thread 0x0000029fb30c1800 Exception <a 'java/lang/NoSuchMethodError'{0x000000070f9117c8}: 'java.lang.Object java.lang.invoke.Invokers$Holder.invokeExact_MT(java.lang.Object, java.lang.Object, java.lang.Object, java.lang.Object, java.lang.Object, java.lang.Object)'> (0x000000070f9117c8) 
thrown [./src/hotspot/share/interpreter/linkResolver.cpp, line 766]
Event: 0.618 Thread 0x0000029fb30c1800 Exception <a 'java/lang/NoSuchMethodError'{0x000000070f91bc60}: 'void java.lang.invoke.DirectMethodHandle$Holder.invokeStatic(java.lang.Object, java.lang.Object, java.lang.Object, java.lang.Object)'> (0x000000070f91bc60) 
thrown [./src/hotspot/share/interpreter/linkResolver.cpp, line 766]
Event: 0.986 Thread 0x0000029fb30c1800 Exception <a 'java/lang/NoSuchMethodError'{0x000000070f8a4870}: 'int java.lang.invoke.DirectMethodHandle$Holder.invokeStaticInit(java.lang.Object, java.lang.Object, java.lang.Object, java.lang.Object)'> (0x000000070f8a4870) 
thrown [./src/hotspot/share/interpreter/linkResolver.cpp, line 766]
Event: 0.987 Thread 0x0000029fb30c1800 Exception <a 'java/lang/IncompatibleClassChangeError'{0x000000070f8ad240}: Found class java.lang.Object, but interface was expected> (0x000000070f8ad240) 
thrown [./src/hotspot/share/interpreter/linkResolver.cpp, line 832]
Event: 0.987 Thread 0x0000029fb30c1800 Exception <a 'java/lang/NoSuchMethodError'{0x000000070f8b0c58}: 'void java.lang.invoke.DirectMethodHandle$Holder.invokeStaticInit(java.lang.Object, java.lang.Object)'> (0x000000070f8b0c58) 
thrown [./src/hotspot/share/interpreter/linkResolver.cpp, line 766]
Event: 1.036 Thread 0x0000029fb30c1800 Exception <a 'java/lang/ClassNotFoundException'{0x000000070f4ae430}: java/lang/ClassLoader$ByteBuddyAccessor$jsZtrlp8> (0x000000070f4ae430) 
thrown [./src/hotspot/share/classfile/systemDictionary.cpp, line 226]
Event: 1.278 Thread 0x0000029fb30c1800 Exception <a 'java/lang/NoSuchMethodError'{0x000000070d5271a8}: 'int java.lang.invoke.DirectMethodHandle$Holder.invokeSpecial(java.lang.Object, java.lang.Object, java.lang.Object, java.lang.Object)'> (0x000000070d5271a8) 
thrown [./src/hotspot/share/interpreter/linkResolver.cpp, line 766]
Event: 1.359 Thread 0x0000029fb30c1800 Exception <a 'java/lang/ClassNotFoundException'{0x000000070c94ea08}: com/mi/planetmanagement/service/PlanetServiceTestBeanInfo> (0x000000070c94ea08) 
thrown [./src/hotspot/share/classfile/systemDictionary.cpp, line 226]
Event: 1.359 Thread 0x0000029fb30c1800 Exception <a 'java/lang/ClassNotFoundException'{0x000000070c94f758}: java/lang/ObjectBeanInfo> (0x000000070c94f758) 
thrown [./src/hotspot/share/classfile/systemDictionary.cpp, line 226]
Event: 1.360 Thread 0x0000029fb30c1800 Exception <a 'java/lang/ClassNotFoundException'{0x000000070c955120}: java/lang/ObjectCustomizer> (0x000000070c955120) 
thrown [./src/hotspot/share/classfile/systemDictionary.cpp, line 226]
Event: 1.363 Thread 0x0000029fb30c1800 Exception <a 'java/lang/ClassNotFoundException'{0x000000070c98e4e0}: com/mi/planetmanagement/service/PlanetServiceTestCustomizer> (0x000000070c98e4e0) 
thrown [./src/hotspot/share/classfile/systemDictionary.cpp, line 226]
Event: 1.365 Thread 0x0000029fb30c1800 Exception <a 'java/lang/NoSuchMethodError'{0x000000070c9acb70}: 'int java.lang.invoke.DirectMethodHandle$Holder.invokeVirtual(java.lang.Object, java.lang.Object, java.lang.Object)'> (0x000000070c9acb70) 
thrown [./src/hotspot/share/interpreter/linkResolver.cpp, line 766]
Event: 1.378 Thread 0x0000029fb30c1800 Exception <a 'java/lang/NoSuchMethodError'{0x000000070c70d3a8}: 'java.lang.Object java.lang.invoke.DirectMethodHandle$Holder.invokeStatic(java.lang.Object, java.lang.Object, java.lang.Object, java.lang.Object, int)'> (0x000000070c70d3a8) 
thrown [./src/hotspot/share/interpreter/linkResolver.cpp, line 766]
Event: 1.417 Thread 0x0000029fb30c1800 Exception <a 'java/lang/reflect/InvocationTargetException'{0x000000070c2f4e48}> (0x000000070c2f4e48) 
thrown [./src/hotspot/share/runtime/reflection.cpp, line 1188]

Events (20 events):
Event: 15182.867 Executing VM operation: GetFrameCount done
Event: 15182.867 Executing VM operation: GetStackTrace
Event: 15182.867 Executing VM operation: GetStackTrace done
Event: 15182.869 Executing VM operation: GetFrameCount
Event: 15182.869 Executing VM operation: GetFrameCount done
Event: 15182.869 Executing VM operation: GetStackTrace
Event: 15182.869 Executing VM operation: GetStackTrace done
Event: 15182.870 Executing VM operation: GetFrameCount
Event: 15182.870 Executing VM operation: GetFrameCount done
Event: 15182.870 Executing VM operation: GetStackTrace
Event: 15182.870 Executing VM operation: GetStackTrace done
Event: 15182.871 Executing VM operation: GetFrameCount
Event: 15182.871 Executing VM operation: GetFrameCount done
Event: 15182.871 Executing VM operation: GetStackTrace
Event: 15182.871 Executing VM operation: GetStackTrace done
Event: 15182.872 Executing VM operation: GetFrameCount
Event: 15182.872 Executing VM operation: GetFrameCount done
Event: 15182.872 Executing VM operation: GetStackTrace
Event: 15182.872 Executing VM operation: GetStackTrace done
Event: 15193.569 Executing VM operation: ChangeBreakpoints


Dynamic libraries:
0x00007ff773900000 - 0x00007ff77390d000 	C:\Users\Nikola\.jdks\adopt-openjdk-14.0.2\bin\java.exe
0x00007ff8e1310000 - 0x00007ff8e1505000 	C:\Windows\SYSTEM32\ntdll.dll
0x00007ff8df8e0000 - 0x00007ff8df99e000 	C:\Windows\System32\KERNEL32.DLL
0x00007ff8def30000 - 0x00007ff8df1f8000 	C:\Windows\System32\KERNELBASE.dll
0x00007ff8dee30000 - 0x00007ff8def30000 	C:\Windows\System32\ucrtbase.dll
0x00007ff8c7a70000 - 0x00007ff8c7a85000 	C:\Users\Nikola\.jdks\adopt-openjdk-14.0.2\bin\VCRUNTIME140.dll
0x00007ff8cb850000 - 0x00007ff8cb868000 	C:\Users\Nikola\.jdks\adopt-openjdk-14.0.2\bin\jli.dll
0x00007ff8df3e0000 - 0x00007ff8df581000 	C:\Windows\System32\USER32.dll
0x00007ff8dee00000 - 0x00007ff8dee22000 	C:\Windows\System32\win32u.dll
0x00007ff8bed90000 - 0x00007ff8bf02a000 	C:\Windows\WinSxS\amd64_microsoft.windows.common-controls_6595b64144ccf1df_6.0.19041.1110_none_60b5254171f9507e\COMCTL32.dll
0x00007ff8e0800000 - 0x00007ff8e082b000 	C:\Windows\System32\GDI32.dll
0x00007ff8debb0000 - 0x00007ff8decbb000 	C:\Windows\System32\gdi32full.dll
0x00007ff8e0560000 - 0x00007ff8e05fe000 	C:\Windows\System32\msvcrt.dll
0x00007ff8deb10000 - 0x00007ff8debad000 	C:\Windows\System32\msvcp_win.dll
0x00007ff8e06a0000 - 0x00007ff8e06d0000 	C:\Windows\System32\IMM32.DLL
0x00007ff8ac780000 - 0x00007ff8ac81b000 	C:\Users\Nikola\.jdks\adopt-openjdk-14.0.2\bin\msvcp140.dll
0x00007ff85de40000 - 0x00007ff85e9d4000 	C:\Users\Nikola\.jdks\adopt-openjdk-14.0.2\bin\server\jvm.dll
0x00007ff8df660000 - 0x00007ff8df70c000 	C:\Windows\System32\ADVAPI32.dll
0x00007ff8e0600000 - 0x00007ff8e069b000 	C:\Windows\System32\sechost.dll
0x00007ff8e0290000 - 0x00007ff8e03ba000 	C:\Windows\System32\RPCRT4.dll
0x00007ff8e0250000 - 0x00007ff8e0258000 	C:\Windows\System32\PSAPI.DLL
0x00007ff8d8d50000 - 0x00007ff8d8d5a000 	C:\Windows\SYSTEM32\VERSION.dll
0x00007ff8d86c0000 - 0x00007ff8d86e7000 	C:\Windows\SYSTEM32\WINMM.dll
0x00007ff877070000 - 0x00007ff877079000 	C:\Windows\SYSTEM32\WSOCK32.dll
0x00007ff8df590000 - 0x00007ff8df5fb000 	C:\Windows\System32\WS2_32.dll
0x00007ff8dc950000 - 0x00007ff8dc962000 	C:\Windows\SYSTEM32\kernel.appcore.dll
0x00007ff8c7a60000 - 0x00007ff8c7a6a000 	C:\Users\Nikola\.jdks\adopt-openjdk-14.0.2\bin\jimage.dll
0x00007ff8d86f0000 - 0x00007ff8d88d4000 	C:\Windows\SYSTEM32\DBGHELP.DLL
0x00007ff8ce160000 - 0x00007ff8ce18c000 	C:\Windows\SYSTEM32\dbgcore.DLL
0x00007ff8decc0000 - 0x00007ff8ded43000 	C:\Windows\System32\bcryptPrimitives.dll
0x00007ff8b66a0000 - 0x00007ff8b66d8000 	C:\Users\Nikola\.jdks\adopt-openjdk-14.0.2\bin\jdwp.dll
0x00007ff8c7710000 - 0x00007ff8c7735000 	C:\Users\Nikola\.jdks\adopt-openjdk-14.0.2\bin\java.dll
0x00007ff8c76f0000 - 0x00007ff8c76fe000 	C:\Users\Nikola\.jdks\adopt-openjdk-14.0.2\bin\instrument.dll
0x00007ff8c7780000 - 0x00007ff8c7796000 	C:\Users\Nikola\.jdks\adopt-openjdk-14.0.2\bin\zip.dll
0x00007ff8e0b90000 - 0x00007ff8e12cf000 	C:\Windows\System32\SHELL32.dll
0x00007ff8dcb50000 - 0x00007ff8dd2e0000 	C:\Windows\SYSTEM32\windows.storage.dll
0x00007ff8e0830000 - 0x00007ff8e0b85000 	C:\Windows\System32\combase.dll
0x00007ff8de480000 - 0x00007ff8de4ae000 	C:\Windows\SYSTEM32\Wldp.dll
0x00007ff8dfd20000 - 0x00007ff8dfdcd000 	C:\Windows\System32\SHCORE.dll
0x00007ff8dfbe0000 - 0x00007ff8dfc35000 	C:\Windows\System32\shlwapi.dll
0x00007ff8de970000 - 0x00007ff8de98f000 	C:\Windows\SYSTEM32\profapi.dll
0x00007ff8c5fa0000 - 0x00007ff8c5faa000 	C:\Users\Nikola\.jdks\adopt-openjdk-14.0.2\bin\dt_socket.dll
0x00007ff8dde80000 - 0x00007ff8ddebb000 	C:\Windows\SYSTEM32\IPHLPAPI.DLL
0x00007ff8de1e0000 - 0x00007ff8de24a000 	C:\Windows\system32\mswsock.dll
0x00007ff8c6200000 - 0x00007ff8c6219000 	C:\Users\Nikola\.jdks\adopt-openjdk-14.0.2\bin\net.dll
0x00007ff8d5f10000 - 0x00007ff8d601c000 	C:\Windows\SYSTEM32\WINHTTP.dll
0x00007ff8c61e0000 - 0x00007ff8c61f2000 	C:\Users\Nikola\.jdks\adopt-openjdk-14.0.2\bin\nio.dll
0x00007ff8c75e0000 - 0x00007ff8c75f0000 	C:\Users\Nikola\.jdks\adopt-openjdk-14.0.2\bin\verify.dll

dbghelp: loaded successfully - version: 4.0.5 - missing functions: none
symbol engine: initialized successfully - sym options: 0x614 - pdb path: .;C:\Users\Nikola\.jdks\adopt-openjdk-14.0.2\bin;C:\Windows\SYSTEM32;C:\Windows\WinSxS\amd64_microsoft.windows.common-controls_6595b64144ccf1df_6.0.19041.1110_none_60b5254171f9507e;C:\Users\Nikola\.jdks\adopt-openjdk-14.0.2\bin\server

VM Arguments:
jvm_args: -agentlib:jdwp=transport=dt_socket,address=127.0.0.1:52926,suspend=y,server=n -ea -Didea.test.cyclic.buffer.size=1048576 -javaagent:C:\Users\Nikola\AppData\Local\JetBrains\IdeaIC2021.1\captureAgent\debugger-agent.jar -Dfile.encoding=UTF-8 
java_command: com.intellij.rt.junit.JUnitStarter -ideVersion5 -junit4 com.mi.planetmanagement.service.PlanetServiceTest
java_class_path (initial): D:\InteliJ\IntelliJ IDEA Community Edition 2021.1.1\lib\idea_rt.jar;D:\InteliJ\IntelliJ IDEA Community Edition 2021.1.1\plugins\junit\lib\junit5-rt.jar;D:\InteliJ\IntelliJ IDEA Community Edition 2021.1.1\plugins\junit\lib\junit-rt.jar;C:\Users\Nikola\Desktop\m&i zadatak\planet-management\target\test-classes;C:\Users\Nikola\Desktop\m&i zadatak\planet-management\target\classes;C:\Users\Nikola\.m2\repository\org\springframework\boot\spring-boot-starter-data-jpa\2.6.1\spring-boot-starter-data-jpa-2.6.1.jar;C:\Users\Nikola\.m2\repository\org\springframework\boot\spring-boot-starter-aop\2.6.1\spring-boot-starter-aop-2.6.1.jar;C:\Users\Nikola\.m2\repository\org\springframework\spring-aop\5.3.13\spring-aop-5.3.13.jar;C:\Users\Nikola\.m2\repository\org\aspectj\aspectjweaver\1.9.7\aspectjweaver-1.9.7.jar;C:\Users\Nikola\.m2\repository\org\springframework\boot\spring-boot-starter-jdbc\2.6.1\spring-boot-starter-jdbc-2.6.1.jar;C:\Users\Nikola\.m2\repository\com\zaxxer\HikariCP\4.0.3\HikariCP-4.0.3.jar;C:\Users\Nikola\.m2\repository\org\springframework\spring-jdbc\5.3.13\spring-jdbc-5.3.13.jar;C:\Users\Nikola\.m2\repository\jakarta\transaction\jakarta.transaction-api\1.3.3\jakarta.transaction-api-1.3.3.jar;C:\Users\Nikola\.m2\repository\jakarta\persistence\jakarta.persistence-api\2.2.3\jakarta.persistence-api-2.2.3.jar;C:\Users\Nikola\.m2\repository\org\hibernate\hibernate-core\5.6.1.Final\hibernate-core-5.6.1.Final.jar;C:\Users\Nikola\.m2\repository\org\jboss\logging\jboss-logging\3.4.2.Final\jboss-logging-3.4.2.Final.jar;C:\Users\Nikola\.m2\repository\net\bytebuddy\byte-buddy\1.11.22\byte-buddy-1.11.22.jar;C:\Users\Nikola\.m2\repository\antlr\antlr\2.7.7\antlr-2.7.7.jar;C:\Users\Nikola\.m2\repository\org\jboss\jandex\2.2.3.Final\jandex-2.2.3.Final.jar;C:\Users\Nikola\.m2\repository\com\fasterxml\classmate\1.5.1\classmate-1.5.1.jar;C:\Users\Nikola\.m2\repository\org\hibernate\common\hibernate-commons-annotations\5.1.2.Final\hibernate-commons-annotati
Launcher Type: SUN_STANDARD

[Global flags]
     intx CICompilerCount                          = 4                                         {product} {ergonomic}
     uint ConcGCThreads                            = 2                                         {product} {ergonomic}
     uint G1ConcRefinementThreads                  = 8                                         {product} {ergonomic}
   size_t G1HeapRegionSize                         = 1048576                                   {product} {ergonomic}
    uintx GCDrainStackTargetSize                   = 64                                        {product} {ergonomic}
   size_t InitialHeapSize                          = 268435456                                 {product} {ergonomic}
   size_t MarkStackSize                            = 4194304                                   {product} {ergonomic}
   size_t MaxHeapSize                              = 4278190080                                {product} {ergonomic}
   size_t MaxNewSize                               = 2566914048                                {product} {ergonomic}
   size_t MinHeapDeltaBytes                        = 1048576                                   {product} {ergonomic}
   size_t MinHeapSize                              = 8388608                                   {product} {ergonomic}
    uintx NonNMethodCodeHeapSize                   = 5839372                                {pd product} {ergonomic}
    uintx NonProfiledCodeHeapSize                  = 122909434                              {pd product} {ergonomic}
    uintx ProfiledCodeHeapSize                     = 122909434                              {pd product} {ergonomic}
    uintx ReservedCodeCacheSize                    = 251658240                              {pd product} {ergonomic}
     bool SegmentedCodeCache                       = true                                      {product} {ergonomic}
   size_t SoftMaxHeapSize                          = 4278190080                             {manageable} {ergonomic}
     bool UseCompressedClassPointers               = true                                 {lp64_product} {ergonomic}
     bool UseCompressedOops                        = true                                 {lp64_product} {ergonomic}
     bool UseG1GC                                  = true                                      {product} {ergonomic}
     bool UseLargePagesIndividualAllocation        = false                                  {pd product} {ergonomic}

Logging:
Log output configuration:
 #0: stdout all=warning uptime,level,tags
 #1: stderr all=off uptime,level,tags

Environment Variables:
PATH=C:\Program Files (x86)\Common Files\Oracle\Java\javapath;C:\Program Files\Common Files\Oracle\Java\javapath;C:\Windows\system32;C:\Windows;C:\Windows\System32\Wbem;C:\Windows\System32\WindowsPowerShell\v1.0\;C:\Windows\System32\OpenSSH\;C:\Program Files (x86)\ATI Technologies\ATI.ACE\Core-Static;C:\Users\Nikola\AppData\Roaming\npm;C:\Program Files\nodejs\;C:\Program Files\Git\cmd;C:\Users\Nikola\Downloads\gradle-6.0-bin\gradle-6.0\bin;C:\Program Files\maven\apache-maven-3.8.4\bin;C:\Program Files\MySQL\MySQL Shell 8.0\bin\;C:\Users\Nikola\AppData\Local\Microsoft\WindowsApps;;D:\Microsoft VS Code\bin;C:\Users\Nikola\AppData\Roaming\npm;D:\InteliJ\IntelliJ IDEA Community Edition 2021.1.1\bin;
USERNAME=Nikola
OS=Windows_NT
PROCESSOR_IDENTIFIER=Intel64 Family 6 Model 165 Stepping 3, GenuineIntel



---------------  S Y S T E M  ---------------

OS: Windows 10 , 64 bit Build 19041 (10.0.19041.1348)
OS uptime: 9 days 21:05 hours

CPU:total 8 (initial active 8) (4 cores per cpu, 2 threads per core) family 6 model 165 stepping 3, cmov, cx8, fxsr, mmx, sse, sse2, sse3, ssse3, sse4.1, sse4.2, popcnt, avx, avx2, aes, clmul, erms, 3dnowpref, lzcnt, ht, tsc, tscinvbit, bmi1, bmi2, adx, fma

Memory: 4k page, system-wide physical 16318M (3708M free)
TotalPageFile size 29790M (AvailPageFile size 4453M)
current process WorkingSet (physical memory assigned to process): 56M, peak: 180M
current process commit charge ("private bytes"): 379M, peak: 404M

vm_info: OpenJDK 64-Bit Server VM (14.0.2+12) for windows-amd64 JRE (14.0.2+12), built on Jul 15 2020 11:30:16 by "" with MS VC++ 15.9 (VS2017)

END.
